2020-10-09T04:08:57.900Z - info: Website generation started at 12:08:51 PM
2020-10-09T04:09:02.524Z - info: Building assets...
2020-10-09T04:09:06.037Z - info: Assets built
2020-10-09T04:09:06.038Z - info: Generating pages...
2020-10-09T04:09:22.988Z - debug: The process cannot access the file because it is being used by another process.

2020-10-09T04:09:22.988Z - debug: The process cannot access the file because it is being used by another process.

2020-10-09T04:09:22.989Z - debug:  
2020-10-09T04:09:22.989Z - debug:  
2020-10-09T04:09:22.989Z - debug:  
2020-10-09T04:09:22.990Z - debug:  
2020-10-09T04:09:22.990Z - debug:  
2020-10-09T04:09:25.953Z - debug:  
2020-10-09T04:09:27.983Z - debug:  
2020-10-09T04:09:29.186Z - debug:  
2020-10-09T04:09:34.761Z - debug: The process cannot access the file because it is being used by another process.

2020-10-09T04:09:34.762Z - debug:  
2020-10-09T04:09:34.762Z - debug: The process cannot access the file because it is being used by another process.

2020-10-09T04:09:34.763Z - debug:  
2020-10-09T04:09:36.607Z - debug: The process cannot access the file because it is being used by another process.

2020-10-09T04:09:36.607Z - debug: The process cannot access the file because it is being used by another process.

2020-10-09T04:09:37.383Z - debug:  
2020-10-09T04:09:37.384Z - debug: The process cannot access the file because it is being used by another process.

2020-10-09T04:09:37.385Z - debug: The process cannot access the file because it is being used by another process.

2020-10-09T04:09:37.385Z - debug: The process cannot access the file because it is being used by another process.

2020-10-09T04:09:37.386Z - debug:  
2020-10-09T04:09:41.118Z - debug:  
2020-10-09T04:09:56.134Z - debug: The process cannot access the file because it is being used by another process.

2020-10-09T04:09:56.666Z - debug: The process cannot access the file because it is being used by another process.

2020-10-09T04:09:57.645Z - debug: The process cannot access the file because it is being used by another process.

2020-10-09T04:09:58.246Z - debug:  
2020-10-09T04:09:59.279Z - debug: The process cannot access the file because it is being used by another process.

2020-10-09T04:10:00.442Z - debug: The process cannot access the file because it is being used by another process.

2020-10-09T04:10:01.511Z - debug: The process cannot access the file because it is being used by another process.

2020-10-09T04:10:01.512Z - debug:  
2020-10-09T04:10:03.893Z - debug: The process cannot access the file because it is being used by another process.

2020-10-09T04:10:03.894Z - debug: The process cannot access the file because it is being used by another process.

2020-10-09T04:10:07.282Z - debug: The process cannot access the file because it is being used by another process.

2020-10-09T04:10:07.282Z - debug: The process cannot access the file because it is being used by another process.

2020-10-09T04:10:07.501Z - debug:  
2020-10-09T04:10:09.756Z - debug:  
2020-10-09T04:10:14.346Z - debug:  
2020-10-09T04:10:14.373Z - debug:  
2020-10-09T04:10:23.166Z - debug: The process cannot access the file because it is being used by another process.

2020-10-09T04:10:25.303Z - debug: The process cannot access the file because it is being used by another process.

2020-10-09T04:10:26.387Z - debug:  
2020-10-09T04:10:50.090Z - debug:  
2020-10-09T04:10:50.347Z - debug:  
2020-10-09T04:10:50.348Z - debug:  
2020-10-09T04:10:50.618Z - debug:  
2020-10-09T04:10:58.239Z - debug:  
2020-10-09T04:10:58.240Z - debug:  
2020-10-09T04:10:58.240Z - debug:  
2020-10-09T04:11:03.767Z - debug:  
2020-10-09T04:11:09.949Z - debug:  
2020-10-09T04:11:09.949Z - debug:  
2020-10-09T04:11:09.949Z - debug:  
2020-10-09T04:11:09.950Z - debug:  
2020-10-09T04:11:19.168Z - debug:  
2020-10-09T04:11:19.169Z - debug:  
2020-10-09T04:11:19.169Z - debug:  
2020-10-09T04:11:24.398Z - debug:  
2020-10-09T04:11:42.614Z - debug:  
2020-10-09T04:11:50.981Z - debug:  
2020-10-09T04:11:50.982Z - debug:  
2020-10-09T04:11:50.982Z - debug:  
2020-10-09T04:12:14.070Z - debug:  
2020-10-09T04:12:26.941Z - debug:  
2020-10-09T04:12:26.942Z - debug:  
2020-10-09T04:12:36.133Z - info: Pages built
2020-10-09T04:12:59.628Z - info: Website generation complete! Total build time: 247.634s
2020-10-09T04:13:00.223Z - info: Serving "D:\Teaching\CS2113\AY2021S1\website\_site" at http://127.0.0.1:8080
2020-10-09T04:13:00.223Z - info: Press CTRL+C to stop ...
2020-10-09T04:13:00.223Z - debug:  
2020-10-09T04:13:00.291Z - info: Site data built
2020-10-09T04:13:35.047Z - info: [12:13:35 PM] Reload for file change: D:\Teaching\CS2113\AY2021S1\website\admin\common-tutorials.mbdf
2020-10-09T04:13:36.053Z - info: Rebuilding 12 pages
2020-10-09T04:13:41.109Z - info: Pages rebuilt
2020-10-09T04:13:41.110Z - info: Website regeneration complete! Total build time: 5.059s
2020-10-09T04:13:41.119Z - info: Site data built
2020-10-09T04:26:55.174Z - info: [12:26:55 PM] Reload for file change: D:\Teaching\CS2113\AY2021S1\website\admin\common-tutorials.mbdf
2020-10-09T04:26:56.182Z - info: Rebuilding 12 pages
2020-10-09T04:27:01.856Z - info: Pages rebuilt
2020-10-09T04:27:01.856Z - info: Website regeneration complete! Total build time: 5.677s
2020-10-09T04:27:01.875Z - info: Site data built
2020-10-09T04:29:49.949Z - info: [12:29:49 PM] Reload for file change: D:\Teaching\CS2113\AY2021S1\website\admin\common-tutorials.mbdf
2020-10-09T04:29:50.958Z - info: Rebuilding 12 pages
2020-10-09T04:29:56.565Z - info: Pages rebuilt
2020-10-09T04:29:56.566Z - info: Website regeneration complete! Total build time: 5.611s
2020-10-09T04:29:56.582Z - info: Site data built
2020-10-09T04:32:23.863Z - info: [12:32:23 PM] Reload for file change: D:\Teaching\CS2113\AY2021S1\website\book\modeling\modelingStructures\classDiagramsIntermediate\q-drawClassDiagramForItemEtc.md
2020-10-09T04:32:24.867Z - info: Rebuilding 7 pages
2020-10-09T04:32:29.820Z - debug: The process cannot access the file because it is being used by another process.

2020-10-09T04:32:29.820Z - debug: The process cannot access the file because it is being used by another process.

2020-10-09T04:32:32.799Z - debug:  
2020-10-09T04:32:32.800Z - debug:  
2020-10-09T04:32:33.259Z - debug:  
2020-10-09T04:32:33.260Z - debug:  
2020-10-09T04:32:35.311Z - info: Pages rebuilt
2020-10-09T04:32:35.311Z - info: Website regeneration complete! Total build time: 10.446s
2020-10-09T04:32:35.332Z - info: Site data built
2020-10-09T04:33:05.274Z - info: Website generation started at 12:33:00 PM
2020-10-09T04:33:09.264Z - info: Building assets...
2020-10-09T04:33:12.185Z - info: Assets built
2020-10-09T04:33:12.186Z - info: Generating pages...
2020-10-09T04:33:25.473Z - debug: The process cannot access the file because it is being used by another process.

2020-10-09T04:33:25.473Z - debug: The process cannot access the file because it is being used by another process.

2020-10-09T04:33:27.105Z - debug: The process cannot access the file because it is being used by another process.

2020-10-09T04:33:27.105Z - debug: The process cannot access the file because it is being used by another process.

2020-10-09T04:33:27.105Z - debug:  
2020-10-09T04:33:27.106Z - debug:  
2020-10-09T04:33:27.106Z - debug:  
2020-10-09T04:33:27.106Z - debug:  
2020-10-09T04:33:27.106Z - debug:  
2020-10-09T04:33:27.750Z - debug:  
2020-10-09T04:33:31.836Z - debug: The process cannot access the file because it is being used by another process.

2020-10-09T04:33:31.840Z - debug: The process cannot access the file because it is being used by another process.

2020-10-09T04:33:31.840Z - debug:  
2020-10-09T04:33:31.841Z - debug:  
2020-10-09T04:33:34.103Z - debug: The process cannot access the file because it is being used by another process.

2020-10-09T04:33:34.104Z - debug: The process cannot access the file because it is being used by another process.

2020-10-09T04:33:35.045Z - debug: The process cannot access the file because it is being used by another process.

2020-10-09T04:33:35.046Z - debug:  
2020-10-09T04:33:35.211Z - debug:  
2020-10-09T04:33:35.212Z - debug: The process cannot access the file because it is being used by another process.

2020-10-09T04:33:39.116Z - debug:  
2020-10-09T04:33:39.249Z - debug:  
2020-10-09T04:33:53.636Z - debug: The process cannot access the file because it is being used by another process.

2020-10-09T04:33:54.373Z - debug: The process cannot access the file because it is being used by another process.

2020-10-09T04:33:55.364Z - debug: The process cannot access the file because it is being used by another process.

2020-10-09T04:33:55.958Z - debug:  
2020-10-09T04:33:56.723Z - debug: The process cannot access the file because it is being used by another process.

2020-10-09T04:33:57.674Z - debug: The process cannot access the file because it is being used by another process.

2020-10-09T04:33:59.195Z - debug: The process cannot access the file because it is being used by another process.

2020-10-09T04:33:59.196Z - debug:  
2020-10-09T04:34:01.864Z - debug: The process cannot access the file because it is being used by another process.

2020-10-09T04:34:01.864Z - debug: The process cannot access the file because it is being used by another process.

2020-10-09T04:34:04.662Z - debug: The process cannot access the file because it is being used by another process.

2020-10-09T04:34:04.663Z - debug: The process cannot access the file because it is being used by another process.

2020-10-09T04:34:06.747Z - debug:  
2020-10-09T04:34:06.747Z - debug:  
2020-10-09T04:34:09.602Z - debug:  
2020-10-09T04:34:09.652Z - debug:  
2020-10-09T04:34:16.114Z - debug: The process cannot access the file because it is being used by another process.

2020-10-09T04:34:18.223Z - debug: The process cannot access the file because it is being used by another process.

2020-10-09T04:34:19.055Z - debug:  
2020-10-09T04:34:43.745Z - debug:  
2020-10-09T04:34:43.746Z - debug:  
2020-10-09T04:34:43.747Z - debug:  
2020-10-09T04:34:44.373Z - debug:  
2020-10-09T04:34:50.615Z - debug:  
2020-10-09T04:34:50.795Z - debug:  
2020-10-09T04:34:53.107Z - debug:  
2020-10-09T04:34:57.615Z - debug:  
2020-10-09T04:35:02.543Z - debug:  
2020-10-09T04:35:02.544Z - debug:  
2020-10-09T04:35:02.544Z - debug:  
2020-10-09T04:35:02.544Z - debug:  
2020-10-09T04:35:11.038Z - debug:  
2020-10-09T04:35:11.040Z - debug:  
2020-10-09T04:35:11.718Z - debug:  
2020-10-09T04:35:15.958Z - debug:  
2020-10-09T04:35:33.106Z - debug:  
2020-10-09T04:35:45.168Z - debug:  
2020-10-09T04:35:45.169Z - debug:  
2020-10-09T04:35:45.169Z - debug:  
2020-10-09T04:36:10.068Z - debug:  
2020-10-09T04:36:23.683Z - debug:  
2020-10-09T04:36:23.684Z - debug:  
2020-10-09T04:36:33.772Z - info: Pages built
2020-10-09T04:37:00.385Z - info: Website generation complete! Total build time: 239.934s
2020-10-09T04:37:00.387Z - info: Build success!
2020-10-09T04:37:00.387Z - debug:  
2020-10-09T04:37:00.392Z - info: Site data built
2020-10-09T04:37:43.764Z - info: Deployed!
