2020-07-29T02:55:19.106Z - info: Website generation (lazy) started at 10:55:09 AM
2020-07-29T02:55:37.041Z - info: Building assets...
2020-07-29T02:55:47.480Z - info: Assets built
2020-07-29T02:55:47.481Z - info: Generating landing page...
2020-07-29T02:55:48.348Z - info: Landing page built, other pages will be built as you navigate to them!
2020-07-29T02:55:48.456Z - info: Website generation (lazy) complete! Total build time: 38.894s
2020-07-29T02:55:49.341Z - info: Serving "C:\repos\nus-cs2103-AY2021S1\cs2103-website\_site" at http://127.0.0.1:8080
2020-07-29T02:55:49.341Z - info: Press CTRL+C to stop ...
2020-07-29T02:55:50.116Z - info: Site data built
2020-07-29T02:56:38.203Z - info: [10:56:38 AM] Reload for file change: C:\repos\nus-cs2103-AY2021S1\cs2103-website\site.json
2020-07-29T02:56:39.295Z - info: Assets built
2020-07-29T02:56:48.222Z - info: Website generation (lazy) started at 10:56:45 AM
2020-07-29T02:57:04.944Z - info: Building assets...
2020-07-29T02:57:16.613Z - info: Assets built
2020-07-29T02:57:16.614Z - info: Generating landing page...
2020-07-29T02:57:17.455Z - info: Landing page built, other pages will be built as you navigate to them!
2020-07-29T02:57:17.555Z - info: Website generation (lazy) complete! Total build time: 32.026s
2020-07-29T02:57:18.691Z - info: Serving "C:\repos\nus-cs2103-AY2021S1\cs2103-website\_site" at http://127.0.0.1:8080
2020-07-29T02:57:18.691Z - info: Press CTRL+C to stop ...
2020-07-29T02:57:18.849Z - info: Site data built
2020-07-29T02:59:03.716Z - info: Website generation started at 10:59:00 AM
2020-07-29T02:59:22.374Z - info: Building assets...
2020-07-29T02:59:30.372Z - info: Assets built
2020-07-29T02:59:30.373Z - info: Generating pages...
2020-07-29T02:59:44.278Z - debug: The process cannot access the file because it is being used by another process.

2020-07-29T02:59:44.278Z - debug: The process cannot access the file because it is being used by another process.

2020-07-29T02:59:48.079Z - debug:  
2020-07-29T02:59:48.080Z - debug:  
2020-07-29T02:59:48.080Z - debug:  
2020-07-29T02:59:48.081Z - debug:  
2020-07-29T02:59:48.826Z - debug:  
2020-07-29T02:59:48.827Z - debug:  
2020-07-29T02:59:49.106Z - debug:  
2020-07-29T02:59:54.382Z - debug:  
2020-07-29T02:59:54.383Z - debug: The process cannot access the file because it is being used by another process.

2020-07-29T02:59:54.383Z - debug:  
2020-07-29T02:59:56.075Z - debug: The process cannot access the file because it is being used by another process.

2020-07-29T02:59:56.076Z - debug: The process cannot access the file because it is being used by another process.

2020-07-29T02:59:56.201Z - debug:  
2020-07-29T02:59:56.203Z - debug:  
2020-07-29T02:59:56.242Z - debug:  
2020-07-29T02:59:56.675Z - debug: The process cannot access the file because it is being used by another process.

2020-07-29T02:59:56.676Z - debug: The process cannot access the file because it is being used by another process.

2020-07-29T02:59:59.659Z - debug:  
2020-07-29T02:59:59.659Z - debug:  
2020-07-29T03:00:28.103Z - debug: The process cannot access the file because it is being used by another process.

2020-07-29T03:00:28.176Z - debug: The process cannot access the file because it is being used by another process.

2020-07-29T03:00:29.392Z - debug:  
2020-07-29T03:00:29.393Z - debug: The process cannot access the file because it is being used by another process.

2020-07-29T03:00:29.441Z - debug:  
2020-07-29T03:00:31.877Z - debug: The process cannot access the file because it is being used by another process.

2020-07-29T03:00:32.294Z - debug:  
2020-07-29T03:00:33.165Z - debug:  
2020-07-29T03:00:40.792Z - debug: The process cannot access the file because it is being used by another process.

2020-07-29T03:00:42.681Z - debug: The process cannot access the file because it is being used by another process.

2020-07-29T03:00:42.843Z - debug:  
2020-07-29T03:01:11.247Z - debug:  
2020-07-29T03:01:11.417Z - debug:  
2020-07-29T03:01:11.417Z - debug:  
2020-07-29T03:01:11.418Z - debug:  
2020-07-29T03:01:16.346Z - debug:  
2020-07-29T03:01:16.759Z - debug:  
2020-07-29T03:01:26.512Z - debug:  
2020-07-29T03:01:27.361Z - debug:  
2020-07-29T03:01:27.361Z - debug:  
2020-07-29T03:01:27.361Z - debug:  
2020-07-29T03:01:27.361Z - debug:  
2020-07-29T03:01:36.703Z - debug:  
2020-07-29T03:01:36.704Z - debug:  
2020-07-29T03:01:43.511Z - debug:  
2020-07-29T03:01:58.336Z - debug:  
2020-07-29T03:01:58.337Z - debug: The process cannot access the file because it is being used by another process.

2020-07-29T03:01:58.338Z - debug:  
2020-07-29T03:02:06.012Z - debug:  
2020-07-29T03:02:17.364Z - debug:  
2020-07-29T03:02:50.563Z - debug:  
2020-07-29T03:03:04.896Z - debug:  
2020-07-29T03:03:04.897Z - debug:  
2020-07-29T03:03:16.087Z - info: Pages built
2020-07-29T03:03:49.097Z - info: Website generation complete! Total build time: 288.655s
2020-07-29T03:03:49.099Z - info: Build success!
2020-07-29T03:03:49.100Z - debug:  
2020-07-29T03:03:49.104Z - info: Site data built
2020-07-29T03:03:55.525Z - error: Failed to get remote.origin.url (task must either be run in a git repository with a configured origin remote or must be configured with the "repo" option).
2020-07-29T03:30:27.322Z - info: Deployed!
2020-07-29T03:35:48.968Z - info: Website generation (lazy) started at 11:35:39 AM
2020-07-29T03:36:09.868Z - info: Building assets...
2020-07-29T03:36:23.170Z - info: Assets built
2020-07-29T03:36:23.174Z - info: Generating landing page...
2020-07-29T03:36:24.116Z - info: Landing page built, other pages will be built as you navigate to them!
2020-07-29T03:36:24.211Z - info: Website generation (lazy) complete! Total build time: 44.815s
2020-07-29T03:36:25.369Z - info: Serving "C:\repos\nus-cs2103-AY2021S1\cs2103-website\_site" at http://127.0.0.1:8080
2020-07-29T03:36:25.369Z - info: Press CTRL+C to stop ...
2020-07-29T03:36:25.450Z - info: Site data built
2020-07-29T03:39:32.012Z - info: Website generation started at 11:39:28 AM
2020-07-29T03:39:45.925Z - info: Building assets...
