2020-10-27T02:09:34.591Z - info: Website generation started at 10:09:30 AM
2020-10-27T02:09:40.901Z - info: Building assets...
2020-10-27T02:09:45.746Z - info: Assets built
2020-10-27T02:09:45.748Z - info: Generating pages...
2020-10-27T02:10:03.271Z - debug: The process cannot access the file because it is being used by another process.

2020-10-27T02:10:03.272Z - debug: The process cannot access the file because it is being used by another process.

2020-10-27T02:10:07.167Z - debug:  
2020-10-27T02:10:07.168Z - debug:  
2020-10-27T02:10:07.168Z - debug:  
2020-10-27T02:10:07.168Z - debug:  
2020-10-27T02:10:07.168Z - debug:  
2020-10-27T02:10:10.496Z - debug:  
2020-10-27T02:10:11.042Z - debug:  
2020-10-27T02:10:15.141Z - debug:  
2020-10-27T02:10:15.143Z - debug: The process cannot access the file because it is being used by another process.

2020-10-27T02:10:15.143Z - debug: The process cannot access the file because it is being used by another process.

2020-10-27T02:10:15.143Z - debug:  
2020-10-27T02:10:15.144Z - debug:  
2020-10-27T02:10:17.450Z - debug: The process cannot access the file because it is being used by another process.

2020-10-27T02:10:17.451Z - debug: The process cannot access the file because it is being used by another process.

2020-10-27T02:10:18.237Z - debug:  
2020-10-27T02:10:18.237Z - debug: The process cannot access the file because it is being used by another process.

2020-10-27T02:10:18.453Z - debug:  
2020-10-27T02:10:18.453Z - debug: The process cannot access the file because it is being used by another process.

2020-10-27T02:10:23.077Z - debug:  
2020-10-27T02:10:23.497Z - debug:  
2020-10-27T02:10:39.529Z - debug: The process cannot access the file because it is being used by another process.

2020-10-27T02:10:40.656Z - debug: The process cannot access the file because it is being used by another process.

2020-10-27T02:10:42.010Z - debug: The process cannot access the file because it is being used by another process.

2020-10-27T02:10:42.707Z - debug:  
2020-10-27T02:10:45.096Z - debug: The process cannot access the file because it is being used by another process.

2020-10-27T02:10:46.091Z - debug: The process cannot access the file because it is being used by another process.

2020-10-27T02:10:48.012Z - debug:  
2020-10-27T02:10:51.038Z - debug:  
2020-10-27T02:10:53.479Z - debug: The process cannot access the file because it is being used by another process.

2020-10-27T02:10:53.481Z - debug: The process cannot access the file because it is being used by another process.

2020-10-27T02:10:56.511Z - debug: The process cannot access the file because it is being used by another process.

2020-10-27T02:10:56.512Z - debug: The process cannot access the file because it is being used by another process.

2020-10-27T02:10:56.916Z - debug:  
2020-10-27T02:10:58.509Z - debug:  
2020-10-27T02:11:02.365Z - debug:  
2020-10-27T02:11:02.866Z - debug:  
2020-10-27T02:11:08.592Z - debug: The process cannot access the file because it is being used by another process.

2020-10-27T02:11:10.982Z - debug: The process cannot access the file because it is being used by another process.

2020-10-27T02:11:11.899Z - debug:  
2020-10-27T02:11:33.047Z - debug:  
2020-10-27T02:11:33.051Z - debug:  
2020-10-27T02:11:33.177Z - debug:  
2020-10-27T02:11:33.605Z - debug:  
2020-10-27T02:11:40.277Z - debug:  
2020-10-27T02:11:40.961Z - debug:  
2020-10-27T02:11:40.961Z - debug:  
2020-10-27T02:11:47.546Z - debug:  
2020-10-27T02:11:52.170Z - debug:  
2020-10-27T02:11:52.170Z - debug:  
2020-10-27T02:11:52.757Z - debug:  
2020-10-27T02:11:52.757Z - debug:  
2020-10-27T02:12:02.716Z - debug:  
2020-10-27T02:12:02.716Z - debug:  
2020-10-27T02:12:02.716Z - debug:  
2020-10-27T02:12:07.958Z - debug:  
2020-10-27T02:12:30.325Z - debug:  
2020-10-27T02:12:40.484Z - debug:  
2020-10-27T02:12:40.485Z - debug:  
2020-10-27T02:12:40.485Z - debug:  
2020-10-27T02:13:08.597Z - debug:  
2020-10-27T02:13:25.275Z - debug:  
2020-10-27T02:13:25.278Z - debug:  
2020-10-27T02:13:38.584Z - info: Pages built
2020-10-27T02:14:06.707Z - info: Website generation complete! Total build time: 276.592s
2020-10-27T02:14:07.441Z - info: Serving "D:\Teaching\CS2113\AY2021S1\website\_site" at http://127.0.0.1:8080
2020-10-27T02:14:07.442Z - info: Press CTRL+C to stop ...
2020-10-27T02:14:07.442Z - debug:  
2020-10-27T02:14:07.532Z - info: Site data built
2020-10-27T02:18:20.372Z - info: [10:18:20 AM] Reload for file change: D:\Teaching\CS2113\AY2021S1\website\_module-CS2113\studentData.mbdf
2020-10-27T02:18:21.376Z - info: No pages needed to be rebuilt
2020-10-27T02:18:56.380Z - info: Website generation started at 10:18:45 AM
2020-10-27T02:19:04.934Z - info: Building assets...
2020-10-27T02:19:11.278Z - info: Assets built
2020-10-27T02:19:11.279Z - info: Generating pages...
2020-10-27T02:19:28.586Z - debug: The process cannot access the file because it is being used by another process.

2020-10-27T02:19:28.587Z - debug: The process cannot access the file because it is being used by another process.

2020-10-27T02:19:32.366Z - debug:  
2020-10-27T02:19:32.366Z - debug:  
2020-10-27T02:19:32.366Z - debug:  
2020-10-27T02:19:32.366Z - debug:  
2020-10-27T02:19:32.367Z - debug:  
2020-10-27T02:19:33.903Z - debug:  
2020-10-27T02:19:34.523Z - debug:  
2020-10-27T02:19:34.998Z - debug:  
2020-10-27T02:19:39.534Z - debug: The process cannot access the file because it is being used by another process.

2020-10-27T02:19:39.535Z - debug: The process cannot access the file because it is being used by another process.

2020-10-27T02:19:39.535Z - debug:  
2020-10-27T02:19:39.536Z - debug:  
2020-10-27T02:19:41.935Z - debug: The process cannot access the file because it is being used by another process.

2020-10-27T02:19:41.936Z - debug: The process cannot access the file because it is being used by another process.

2020-10-27T02:19:42.618Z - debug:  
2020-10-27T02:19:42.618Z - debug: The process cannot access the file because it is being used by another process.

2020-10-27T02:19:42.627Z - debug:  
2020-10-27T02:19:42.867Z - debug: The process cannot access the file because it is being used by another process.

2020-10-27T02:19:47.672Z - debug:  
2020-10-27T02:19:47.673Z - debug:  
2020-10-27T02:20:06.232Z - debug: The process cannot access the file because it is being used by another process.

2020-10-27T02:20:06.893Z - debug: The process cannot access the file because it is being used by another process.

2020-10-27T02:20:08.266Z - debug: The process cannot access the file because it is being used by another process.

2020-10-27T02:20:08.985Z - debug:  
2020-10-27T02:20:10.258Z - debug: The process cannot access the file because it is being used by another process.

2020-10-27T02:20:11.496Z - debug: The process cannot access the file because it is being used by another process.

2020-10-27T02:20:13.117Z - debug: The process cannot access the file because it is being used by another process.

2020-10-27T02:20:13.118Z - debug:  
2020-10-27T02:20:15.822Z - debug: The process cannot access the file because it is being used by another process.

2020-10-27T02:20:15.824Z - debug: The process cannot access the file because it is being used by another process.

2020-10-27T02:20:18.206Z - debug: The process cannot access the file because it is being used by another process.

2020-10-27T02:20:18.207Z - debug: The process cannot access the file because it is being used by another process.

2020-10-27T02:20:20.040Z - debug:  
2020-10-27T02:20:20.040Z - debug:  
2020-10-27T02:20:22.919Z - debug:  
2020-10-27T02:20:23.322Z - debug:  
2020-10-27T02:20:28.612Z - debug: The process cannot access the file because it is being used by another process.

2020-10-27T02:20:30.570Z - debug: The process cannot access the file because it is being used by another process.

2020-10-27T02:20:31.502Z - debug:  
2020-10-27T02:20:55.394Z - debug:  
2020-10-27T02:20:55.396Z - debug:  
2020-10-27T02:20:55.396Z - debug:  
2020-10-27T02:20:55.868Z - debug:  
2020-10-27T02:21:02.901Z - debug:  
2020-10-27T02:21:03.079Z - debug:  
2020-10-27T02:21:03.234Z - debug:  
2020-10-27T02:21:11.129Z - debug:  
2020-10-27T02:21:15.216Z - debug:  
2020-10-27T02:21:15.218Z - debug:  
2020-10-27T02:21:15.225Z - debug:  
2020-10-27T02:21:15.226Z - debug:  
2020-10-27T02:21:26.337Z - debug:  
2020-10-27T02:21:28.031Z - debug:  
2020-10-27T02:21:28.032Z - debug:  
2020-10-27T02:21:34.569Z - debug:  
2020-10-27T02:21:59.260Z - debug:  
2020-10-27T02:22:09.589Z - debug:  
2020-10-27T02:22:09.590Z - debug:  
2020-10-27T02:22:09.590Z - debug:  
2020-10-27T02:22:39.370Z - debug:  
2020-10-27T02:22:56.140Z - debug:  
2020-10-27T02:22:56.141Z - debug:  
2020-10-27T02:23:05.958Z - info: Pages built
2020-10-27T02:23:33.314Z - info: Website generation complete! Total build time: 287.927s
2020-10-27T02:23:33.920Z - info: Serving "D:\Teaching\CS2113\AY2021S1\website\_site" at http://127.0.0.1:8080
2020-10-27T02:23:33.920Z - info: Press CTRL+C to stop ...
2020-10-27T02:23:33.921Z - debug:  
2020-10-27T02:23:33.979Z - info: Site data built
2020-10-27T02:28:31.555Z - info: Website generation started at 10:28:27 AM
2020-10-27T02:28:36.110Z - info: Building assets...
2020-10-27T02:28:39.486Z - info: Assets built
2020-10-27T02:28:39.488Z - info: Generating pages...
2020-10-27T02:28:52.818Z - debug: The process cannot access the file because it is being used by another process.

2020-10-27T02:28:52.819Z - debug: The process cannot access the file because it is being used by another process.

2020-10-27T02:28:55.356Z - debug:  
2020-10-27T02:28:55.357Z - debug:  
2020-10-27T02:28:55.357Z - debug:  
2020-10-27T02:28:55.358Z - debug:  
2020-10-27T02:28:55.360Z - debug:  
2020-10-27T02:28:57.410Z - debug:  
2020-10-27T02:28:58.970Z - debug:  
2020-10-27T02:29:01.744Z - debug:  
2020-10-27T02:29:01.745Z - debug: The process cannot access the file because it is being used by another process.

2020-10-27T02:29:01.745Z - debug: The process cannot access the file because it is being used by another process.

2020-10-27T02:29:01.746Z - debug:  
2020-10-27T02:29:01.746Z - debug:  
2020-10-27T02:29:03.612Z - debug: The process cannot access the file because it is being used by another process.

2020-10-27T02:29:03.612Z - debug: The process cannot access the file because it is being used by another process.

2020-10-27T02:29:04.239Z - debug: The process cannot access the file because it is being used by another process.

2020-10-27T02:29:04.239Z - debug: The process cannot access the file because it is being used by another process.

2020-10-27T02:29:04.373Z - debug: The process cannot access the file because it is being used by another process.

2020-10-27T02:29:04.374Z - debug: The process cannot access the file because it is being used by another process.

2020-10-27T02:29:04.374Z - debug:  
2020-10-27T02:29:04.560Z - debug:  
2020-10-27T02:29:17.812Z - debug: The process cannot access the file because it is being used by another process.

2020-10-27T02:29:18.323Z - debug: The process cannot access the file because it is being used by another process.

2020-10-27T02:29:19.753Z - debug: The process cannot access the file because it is being used by another process.

2020-10-27T02:29:20.355Z - debug:  
2020-10-27T02:29:21.109Z - debug: The process cannot access the file because it is being used by another process.

2020-10-27T02:29:22.037Z - debug: The process cannot access the file because it is being used by another process.

2020-10-27T02:29:23.184Z - debug: The process cannot access the file because it is being used by another process.

2020-10-27T02:29:23.185Z - debug:  
2020-10-27T02:29:25.698Z - debug: The process cannot access the file because it is being used by another process.

2020-10-27T02:29:25.699Z - debug: The process cannot access the file because it is being used by another process.

2020-10-27T02:29:27.938Z - debug: The process cannot access the file because it is being used by another process.

2020-10-27T02:29:27.938Z - debug: The process cannot access the file because it is being used by another process.

2020-10-27T02:29:29.475Z - debug:  
2020-10-27T02:29:29.476Z - debug:  
2020-10-27T02:29:32.318Z - debug:  
2020-10-27T02:29:32.502Z - debug:  
2020-10-27T02:29:37.547Z - debug: The process cannot access the file because it is being used by another process.

2020-10-27T02:29:39.426Z - debug: The process cannot access the file because it is being used by another process.

2020-10-27T02:29:40.338Z - debug:  
2020-10-27T02:30:01.231Z - debug:  
2020-10-27T02:30:01.232Z - debug:  
2020-10-27T02:30:01.232Z - debug:  
2020-10-27T02:30:01.367Z - debug:  
2020-10-27T02:30:06.889Z - debug:  
2020-10-27T02:30:08.126Z - debug:  
2020-10-27T02:30:08.127Z - debug:  
2020-10-27T02:30:13.709Z - debug:  
2020-10-27T02:30:16.394Z - debug:  
2020-10-27T02:30:16.961Z - debug:  
2020-10-27T02:30:16.961Z - debug:  
2020-10-27T02:30:16.961Z - debug:  
2020-10-27T02:30:25.007Z - debug:  
2020-10-27T02:30:25.008Z - debug:  
2020-10-27T02:30:25.008Z - debug:  
2020-10-27T02:30:29.396Z - debug:  
2020-10-27T02:30:45.950Z - debug:  
2020-10-27T02:30:56.340Z - debug:  
2020-10-27T02:30:56.340Z - debug:  
2020-10-27T02:30:57.394Z - debug:  
2020-10-27T02:31:21.481Z - debug:  
2020-10-27T02:31:36.280Z - debug:  
2020-10-27T02:31:36.281Z - debug:  
2020-10-27T02:31:45.330Z - info: Pages built
2020-10-27T02:32:08.891Z - info: Website generation complete! Total build time: 220.946s
2020-10-27T02:32:08.893Z - info: Build success!
2020-10-27T02:32:08.893Z - debug:  
2020-10-27T02:32:08.897Z - info: Site data built
2020-10-27T02:32:42.606Z - info: Deployed!
2020-10-27T11:42:08.175Z - info: Website generation started at 7:42:03 PM
2020-10-27T11:42:13.411Z - info: Building assets...
2020-10-27T11:42:17.710Z - info: Assets built
2020-10-27T11:42:17.712Z - info: Generating pages...
2020-10-27T11:42:38.689Z - debug: The process cannot access the file because it is being used by another process.

2020-10-27T11:42:38.690Z - debug: The process cannot access the file because it is being used by another process.

2020-10-27T11:42:41.655Z - debug: The process cannot access the file because it is being used by another process.

2020-10-27T11:42:41.655Z - debug: The process cannot access the file because it is being used by another process.

2020-10-27T11:42:41.657Z - debug:  
2020-10-27T11:42:41.657Z - debug:  
2020-10-27T11:42:41.657Z - debug:  
2020-10-27T11:42:41.660Z - debug:  
2020-10-27T11:42:41.662Z - debug:  
2020-10-27T11:42:42.438Z - debug:  
2020-10-27T11:42:47.383Z - debug: The process cannot access the file because it is being used by another process.

2020-10-27T11:42:47.385Z - debug: The process cannot access the file because it is being used by another process.

2020-10-27T11:42:47.385Z - debug:  
2020-10-27T11:42:47.756Z - debug:  
2020-10-27T11:42:49.012Z - debug: The process cannot access the file because it is being used by another process.

2020-10-27T11:42:49.013Z - debug: The process cannot access the file because it is being used by another process.

2020-10-27T11:42:49.613Z - debug: The process cannot access the file because it is being used by another process.

2020-10-27T11:42:49.614Z - debug: The process cannot access the file because it is being used by another process.

2020-10-27T11:42:49.614Z - debug:  
2020-10-27T11:42:49.781Z - debug:  
2020-10-27T11:42:49.781Z - debug: The process cannot access the file because it is being used by another process.

2020-10-27T11:42:52.851Z - debug:  
2020-10-27T11:43:06.800Z - debug: The process cannot access the file because it is being used by another process.

2020-10-27T11:43:07.601Z - debug: The process cannot access the file because it is being used by another process.

2020-10-27T11:43:08.829Z - debug: The process cannot access the file because it is being used by another process.

2020-10-27T11:43:09.523Z - debug:  
2020-10-27T11:43:10.441Z - debug: The process cannot access the file because it is being used by another process.

2020-10-27T11:43:11.796Z - debug: The process cannot access the file because it is being used by another process.

2020-10-27T11:43:13.079Z - debug: The process cannot access the file because it is being used by another process.

2020-10-27T11:43:13.079Z - debug:  
2020-10-27T11:43:16.494Z - debug: The process cannot access the file because it is being used by another process.

2020-10-27T11:43:16.495Z - debug: The process cannot access the file because it is being used by another process.

2020-10-27T11:43:19.165Z - debug: The process cannot access the file because it is being used by another process.

2020-10-27T11:43:19.166Z - debug: The process cannot access the file because it is being used by another process.

2020-10-27T11:43:20.986Z - debug:  
2020-10-27T11:43:20.988Z - debug:  
2020-10-27T11:43:24.112Z - debug:  
2020-10-27T11:43:24.159Z - debug:  
2020-10-27T11:43:30.191Z - debug: The process cannot access the file because it is being used by another process.

2020-10-27T11:43:32.397Z - debug: The process cannot access the file because it is being used by another process.

2020-10-27T11:43:33.428Z - debug:  
2020-10-27T11:43:57.179Z - debug:  
2020-10-27T11:43:57.601Z - debug:  
2020-10-27T11:43:57.604Z - debug:  
2020-10-27T11:43:58.419Z - debug:  
2020-10-27T11:44:05.529Z - debug:  
2020-10-27T11:44:06.005Z - debug:  
2020-10-27T11:44:06.231Z - debug:  
2020-10-27T11:44:18.505Z - debug:  
2020-10-27T11:44:18.505Z - debug:  
2020-10-27T11:44:18.505Z - debug:  
2020-10-27T11:44:19.012Z - debug:  
2020-10-27T11:44:19.012Z - debug:  
2020-10-27T11:44:28.450Z - debug:  
2020-10-27T11:44:28.450Z - debug:  
2020-10-27T11:44:28.451Z - debug:  
2020-10-27T11:44:34.606Z - debug:  
2020-10-27T11:44:53.547Z - debug:  
2020-10-27T11:45:02.829Z - debug:  
2020-10-27T11:45:02.830Z - debug:  
2020-10-27T11:45:02.830Z - debug:  
2020-10-27T11:45:32.713Z - debug:  
2020-10-27T11:45:49.793Z - debug:  
2020-10-27T11:45:49.794Z - debug:  
2020-10-27T11:45:59.613Z - info: Pages built
2020-10-27T11:46:28.183Z - info: Website generation complete! Total build time: 264.628s
2020-10-27T11:46:28.186Z - info: Build success!
2020-10-27T11:46:28.186Z - debug:  
2020-10-27T11:46:28.189Z - info: Site data built
2020-10-27T11:47:05.545Z - info: Deployed!
2020-10-27T12:52:08.462Z - info: Website generation started at 8:51:59 PM
2020-10-27T12:52:18.739Z - info: Building assets...
2020-10-27T12:52:25.658Z - info: Assets built
2020-10-27T12:52:25.659Z - info: Generating pages...
2020-10-27T12:52:51.535Z - debug: The process cannot access the file because it is being used by another process.

2020-10-27T12:52:51.536Z - debug: The process cannot access the file because it is being used by another process.

2020-10-27T12:52:51.539Z - debug:  
2020-10-27T12:52:51.540Z - debug:  
2020-10-27T12:52:54.249Z - debug:  
2020-10-27T12:52:54.250Z - debug:  
2020-10-27T12:52:54.251Z - debug:  
2020-10-27T12:52:54.252Z - debug:  
2020-10-27T12:52:56.621Z - debug:  
2020-10-27T12:53:00.474Z - debug:  
2020-10-27T12:53:00.475Z - debug: The process cannot access the file because it is being used by another process.

2020-10-27T12:53:00.476Z - debug: The process cannot access the file because it is being used by another process.

2020-10-27T12:53:00.476Z - debug:  
2020-10-27T12:53:00.476Z - debug:  
2020-10-27T12:53:02.464Z - debug: The process cannot access the file because it is being used by another process.

2020-10-27T12:53:02.468Z - debug: The process cannot access the file because it is being used by another process.

2020-10-27T12:53:03.155Z - debug: The process cannot access the file because it is being used by another process.

2020-10-27T12:53:03.156Z - debug: The process cannot access the file because it is being used by another process.

2020-10-27T12:53:03.321Z - debug: The process cannot access the file because it is being used by another process.

2020-10-27T12:53:03.321Z - debug: The process cannot access the file because it is being used by another process.

2020-10-27T12:53:03.321Z - debug:  
2020-10-27T12:53:03.491Z - debug:  
2020-10-27T12:53:24.172Z - debug: The process cannot access the file because it is being used by another process.

2020-10-27T12:53:24.880Z - debug: The process cannot access the file because it is being used by another process.

2020-10-27T12:53:25.574Z - debug: The process cannot access the file because it is being used by another process.

2020-10-27T12:53:26.089Z - debug: The process cannot access the file because it is being used by another process.

2020-10-27T12:53:26.089Z - debug:  
2020-10-27T12:53:26.993Z - debug: The process cannot access the file because it is being used by another process.

2020-10-27T12:53:28.140Z - debug: The process cannot access the file because it is being used by another process.

2020-10-27T12:53:28.656Z - debug:  
2020-10-27T12:53:30.241Z - debug: The process cannot access the file because it is being used by another process.

2020-10-27T12:53:30.242Z - debug: The process cannot access the file because it is being used by another process.

2020-10-27T12:53:31.837Z - debug: The process cannot access the file because it is being used by another process.

2020-10-27T12:53:31.837Z - debug: The process cannot access the file because it is being used by another process.

2020-10-27T12:53:33.139Z - debug:  
2020-10-27T12:53:33.140Z - debug:  
2020-10-27T12:53:35.259Z - debug:  
2020-10-27T12:53:35.431Z - debug:  
2020-10-27T12:53:40.115Z - debug: The process cannot access the file because it is being used by another process.

2020-10-27T12:53:41.930Z - debug: The process cannot access the file because it is being used by another process.

2020-10-27T12:53:42.782Z - debug:  
2020-10-27T12:54:01.979Z - debug:  
2020-10-27T12:54:02.270Z - debug:  
2020-10-27T12:54:02.270Z - debug:  
2020-10-27T12:54:03.454Z - debug:  
2020-10-27T12:54:07.169Z - debug:  
2020-10-27T12:54:07.301Z - debug:  
2020-10-27T12:54:07.429Z - debug:  
2020-10-27T12:54:12.457Z - debug:  
2020-10-27T12:54:16.550Z - debug:  
2020-10-27T12:54:16.550Z - debug:  
2020-10-27T12:54:16.551Z - debug:  
2020-10-27T12:54:16.551Z - debug:  
2020-10-27T12:54:24.263Z - debug:  
2020-10-27T12:54:24.263Z - debug:  
2020-10-27T12:54:24.264Z - debug:  
2020-10-27T12:54:28.941Z - debug:  
2020-10-27T12:54:46.069Z - debug:  
2020-10-27T12:54:55.776Z - debug:  
2020-10-27T12:54:55.777Z - debug:  
2020-10-27T12:54:55.777Z - debug:  
2020-10-27T12:55:22.187Z - debug:  
2020-10-27T12:55:36.844Z - debug:  
2020-10-27T12:55:36.847Z - debug:  
2020-10-27T12:55:46.017Z - info: Pages built
2020-10-27T12:56:11.161Z - info: Website generation complete! Total build time: 252.071s
2020-10-27T12:56:11.163Z - info: Build success!
2020-10-27T12:56:11.163Z - debug:  
2020-10-27T12:56:11.166Z - info: Site data built
2020-10-27T12:56:44.819Z - info: Deployed!
