2020-07-24T16:46:07.395Z - info: Website generation started at 12:46:02 AM
2020-07-24T16:46:19.400Z - info: Building assets...
2020-07-24T16:46:28.747Z - info: Assets built
2020-07-24T16:46:28.748Z - info: Generating pages...
2020-07-24T16:46:41.682Z - debug: The process cannot access the file because it is being used by another process.

2020-07-24T16:46:41.682Z - debug: The process cannot access the file because it is being used by another process.

2020-07-24T16:46:45.324Z - debug:  
2020-07-24T16:46:45.325Z - debug:  
2020-07-24T16:46:45.325Z - debug:  
2020-07-24T16:46:45.325Z - debug:  
2020-07-24T16:46:51.146Z - debug: The process cannot access the file because it is being used by another process.

2020-07-24T16:46:51.146Z - debug: The process cannot access the file because it is being used by another process.

2020-07-24T16:46:51.146Z - debug: The process cannot access the file because it is being used by another process.

2020-07-24T16:46:51.147Z - debug: The process cannot access the file because it is being used by another process.

2020-07-24T16:46:51.147Z - debug:  
2020-07-24T16:46:51.147Z - debug:  
2020-07-24T16:46:51.148Z - debug:  
2020-07-24T16:46:51.148Z - debug:  
2020-07-24T16:46:51.982Z - debug:  
2020-07-24T16:46:53.419Z - debug: The process cannot access the file because it is being used by another process.

2020-07-24T16:46:53.419Z - debug: The process cannot access the file because it is being used by another process.

2020-07-24T16:46:53.617Z - debug: The process cannot access the file because it is being used by another process.

2020-07-24T16:46:53.617Z - debug: The process cannot access the file because it is being used by another process.

2020-07-24T16:46:54.744Z - debug:  
2020-07-24T16:46:55.106Z - debug:  
2020-07-24T16:47:17.474Z - debug: The process cannot access the file because it is being used by another process.

2020-07-24T16:47:17.656Z - debug: The process cannot access the file because it is being used by another process.

2020-07-24T16:47:18.758Z - debug:  
2020-07-24T16:47:18.947Z - debug: The process cannot access the file because it is being used by another process.

2020-07-24T16:47:19.154Z - debug:  
2020-07-24T16:47:21.088Z - debug: The process cannot access the file because it is being used by another process.

2020-07-24T16:47:21.568Z - debug:  
2020-07-24T16:47:22.606Z - debug:  
2020-07-24T16:47:27.924Z - debug: The process cannot access the file because it is being used by another process.

2020-07-24T16:47:29.767Z - debug: The process cannot access the file because it is being used by another process.

2020-07-24T16:47:30.003Z - debug:  
2020-07-24T16:47:52.732Z - debug:  
2020-07-24T16:47:52.732Z - debug:  
2020-07-24T16:47:52.808Z - debug:  
2020-07-24T16:47:52.808Z - debug:  
2020-07-24T16:47:56.782Z - debug:  
2020-07-24T16:47:56.974Z - debug:  
2020-07-24T16:48:05.976Z - debug:  
2020-07-24T16:48:07.472Z - debug:  
2020-07-24T16:48:07.472Z - debug:  
2020-07-24T16:48:07.472Z - debug:  
2020-07-24T16:48:07.472Z - debug:  
2020-07-24T16:48:14.372Z - debug:  
2020-07-24T16:48:14.372Z - debug:  
2020-07-24T16:48:18.628Z - debug:  
2020-07-24T16:48:24.568Z - debug:  
2020-07-24T16:48:40.205Z - debug:  
2020-07-24T16:48:40.205Z - debug:  
2020-07-24T16:49:04.026Z - debug:  
2020-07-24T16:49:14.062Z - debug:  
2020-07-24T16:49:14.062Z - debug:  
2020-07-24T16:49:21.629Z - info: Pages built
2020-07-24T16:49:46.891Z - info: Website generation complete! Total build time: 224.669s
2020-07-24T16:49:46.894Z - info: Build success!
2020-07-24T16:49:46.895Z - debug:  
2020-07-24T16:49:46.898Z - info: Site data built
2020-07-24T16:53:59.081Z - info: Deployed!
2020-07-24T17:18:53.500Z - info: Website generation started at 1:18:47 AM
2020-07-24T17:19:02.378Z - info: Building assets...
