2020-09-30T02:08:08.256Z - info: Website generation started at 10:08:02 AM
2020-09-30T02:08:12.584Z - info: Building assets...
2020-09-30T02:08:15.881Z - info: Assets built
2020-09-30T02:08:15.883Z - info: Generating pages...
2020-09-30T02:08:28.923Z - debug: The process cannot access the file because it is being used by another process.

2020-09-30T02:08:28.924Z - debug: The process cannot access the file because it is being used by another process.

2020-09-30T02:08:32.273Z - debug:  
2020-09-30T02:08:32.274Z - debug:  
2020-09-30T02:08:32.274Z - debug:  
2020-09-30T02:08:32.275Z - debug:  
2020-09-30T02:08:32.276Z - debug:  
2020-09-30T02:08:33.510Z - debug:  
2020-09-30T02:08:34.310Z - debug:  
2020-09-30T02:08:34.896Z - debug:  
2020-09-30T02:08:38.510Z - debug: The process cannot access the file because it is being used by another process.

2020-09-30T02:08:38.510Z - debug: The process cannot access the file because it is being used by another process.

2020-09-30T02:08:38.511Z - debug:  
2020-09-30T02:08:38.511Z - debug:  
2020-09-30T02:08:39.856Z - debug: The process cannot access the file because it is being used by another process.

2020-09-30T02:08:39.856Z - debug: The process cannot access the file because it is being used by another process.

2020-09-30T02:08:40.636Z - debug: The process cannot access the file because it is being used by another process.

2020-09-30T02:08:40.637Z - debug: The process cannot access the file because it is being used by another process.

2020-09-30T02:08:40.637Z - debug:  
2020-09-30T02:08:40.637Z - debug:  
2020-09-30T02:08:44.975Z - debug:  
2020-09-30T02:08:44.975Z - debug:  
2020-09-30T02:08:59.772Z - debug: The process cannot access the file because it is being used by another process.

2020-09-30T02:09:00.936Z - debug: The process cannot access the file because it is being used by another process.

2020-09-30T02:09:02.785Z - debug: The process cannot access the file because it is being used by another process.

2020-09-30T02:09:03.245Z - debug:  
2020-09-30T02:09:04.524Z - debug: The process cannot access the file because it is being used by another process.

2020-09-30T02:09:05.613Z - debug: The process cannot access the file because it is being used by another process.

2020-09-30T02:09:07.499Z - debug: The process cannot access the file because it is being used by another process.

2020-09-30T02:09:07.500Z - debug:  
2020-09-30T02:09:10.967Z - debug: The process cannot access the file because it is being used by another process.

2020-09-30T02:09:10.968Z - debug: The process cannot access the file because it is being used by another process.

2020-09-30T02:09:13.333Z - debug: The process cannot access the file because it is being used by another process.

2020-09-30T02:09:13.334Z - debug: The process cannot access the file because it is being used by another process.

2020-09-30T02:09:16.740Z - debug:  
2020-09-30T02:09:16.744Z - debug:  
2020-09-30T02:09:19.238Z - debug:  
2020-09-30T02:09:19.272Z - debug:  
2020-09-30T02:09:25.623Z - debug: The process cannot access the file because it is being used by another process.

2020-09-30T02:09:27.685Z - debug: The process cannot access the file because it is being used by another process.

2020-09-30T02:09:28.582Z - debug:  
2020-09-30T02:10:06.829Z - debug:  
2020-09-30T02:10:07.021Z - debug:  
2020-09-30T02:10:07.022Z - debug:  
2020-09-30T02:10:07.395Z - debug:  
2020-09-30T02:10:16.263Z - debug:  
2020-09-30T02:10:16.265Z - debug:  
2020-09-30T02:10:16.265Z - debug:  
2020-09-30T02:10:34.321Z - debug:  
2020-09-30T02:10:34.321Z - debug:  
2020-09-30T02:10:34.322Z - debug:  
2020-09-30T02:10:34.322Z - debug:  
2020-09-30T02:10:34.322Z - debug:  
2020-09-30T02:10:46.117Z - debug:  
2020-09-30T02:10:47.842Z - debug:  
2020-09-30T02:10:47.842Z - debug:  
2020-09-30T02:10:53.933Z - debug:  
2020-09-30T02:11:21.850Z - debug:  
2020-09-30T02:11:41.866Z - debug:  
2020-09-30T02:11:41.867Z - debug:  
2020-09-30T02:11:41.867Z - debug:  
2020-09-30T02:12:19.246Z - debug:  
2020-09-30T02:12:36.581Z - debug:  
2020-09-30T02:12:36.581Z - debug:  
2020-09-30T02:12:50.749Z - info: Pages built
2020-09-30T02:13:23.260Z - info: Website generation complete! Total build time: 320.838s
2020-09-30T02:13:23.263Z - info: Build success!
2020-09-30T02:13:23.264Z - debug:  
2020-09-30T02:13:23.267Z - info: Site data built
2020-09-30T02:14:08.409Z - info: Deployed!
