2020-11-06T03:28:35.680Z - info: Website generation (lazy) started at 11:28:28 AM
2020-11-06T03:28:41.035Z - info: Building assets...
2020-11-06T03:28:45.714Z - info: Assets built
2020-11-06T03:28:45.716Z - info: Generating landing page...
2020-11-06T03:28:47.065Z - info: Landing page built, other pages will be built as you navigate to them!
2020-11-06T03:28:47.176Z - info: Website generation (lazy) complete! Total build time: 18.702s
2020-11-06T03:28:47.806Z - info: Serving "D:\Teaching\CS2113\AY2021S1\website\_site" at http://127.0.0.1:8080
2020-11-06T03:28:47.806Z - info: Press CTRL+C to stop ...
2020-11-06T03:28:47.890Z - info: Site data built
2020-11-06T03:28:55.569Z - info: Building D:\Teaching\CS2113\AY2021S1\website\admin\index as some of its dependencies were changed since the last visit
2020-11-06T03:28:56.777Z - info: Site data built
2020-11-06T03:28:56.779Z - info: Lazy website regeneration complete! Total build time: 1.21s
2020-11-06T03:29:02.044Z - info: Building D:\Teaching\CS2113\AY2021S1\website\admin\exams as some of its dependencies were changed since the last visit
2020-11-06T03:29:02.211Z - info: Site data built
2020-11-06T03:29:02.211Z - info: Lazy website regeneration complete! Total build time: 0.168s
2020-11-06T03:29:27.375Z - info: [11:29:27 AM] Reload for file change: D:\Teaching\CS2113\AY2021S1\website\admin\exams.md
2020-11-06T03:29:28.382Z - info: Rebuilding 1 pages
2020-11-06T03:29:28.736Z - info: Pages rebuilt
2020-11-06T03:29:28.737Z - info: Website regeneration complete! Total build time: 0.356s
2020-11-06T03:29:28.751Z - info: Site data built
2020-11-06T03:29:35.477Z - info: [11:29:35 AM] Reload for file change: D:\Teaching\CS2113\AY2021S1\website\admin\exams.md
2020-11-06T03:29:36.479Z - info: Rebuilding 1 pages
2020-11-06T03:29:36.978Z - info: Pages rebuilt
2020-11-06T03:29:36.979Z - info: Website regeneration complete! Total build time: 0.501s
2020-11-06T03:29:37.005Z - info: Site data built
2020-11-06T03:30:09.448Z - info: [11:30:09 AM] Reload for file change: D:\Teaching\CS2113\AY2021S1\website\admin\exams.md
2020-11-06T03:30:10.452Z - info: Rebuilding 1 pages
2020-11-06T03:30:10.760Z - info: Pages rebuilt
2020-11-06T03:30:10.761Z - info: Website regeneration complete! Total build time: 0.31s
2020-11-06T03:30:10.770Z - info: Site data built
2020-11-06T03:30:53.351Z - info: [11:30:53 AM] Reload for file change: D:\Teaching\CS2113\AY2021S1\website\admin\exams.md
2020-11-06T03:30:54.360Z - info: Rebuilding 1 pages
2020-11-06T03:30:54.596Z - info: Pages rebuilt
2020-11-06T03:30:54.597Z - info: Website regeneration complete! Total build time: 0.241s
2020-11-06T03:30:54.605Z - info: Site data built
2020-11-06T03:31:40.101Z - info: [11:31:40 AM] Reload for file change: D:\Teaching\CS2113\AY2021S1\website\admin\exams.md
2020-11-06T03:31:41.104Z - info: Rebuilding 1 pages
2020-11-06T03:31:41.327Z - info: Pages rebuilt
2020-11-06T03:31:41.327Z - info: Website regeneration complete! Total build time: 0.225s
2020-11-06T03:31:41.333Z - info: Site data built
2020-11-06T03:31:46.164Z - info: [11:31:46 AM] Reload for file change: D:\Teaching\CS2113\AY2021S1\website\admin\exams.md
2020-11-06T03:31:47.171Z - info: Rebuilding 1 pages
2020-11-06T03:31:47.402Z - info: Pages rebuilt
2020-11-06T03:31:47.403Z - info: Website regeneration complete! Total build time: 0.237s
2020-11-06T03:31:47.414Z - info: Site data built
2020-11-06T03:31:54.858Z - info: [11:31:54 AM] Reload for file change: D:\Teaching\CS2113\AY2021S1\website\admin\exams.md
2020-11-06T03:31:55.863Z - info: Rebuilding 1 pages
2020-11-06T03:31:56.180Z - info: Pages rebuilt
2020-11-06T03:31:56.180Z - info: Website regeneration complete! Total build time: 0.319s
2020-11-06T03:31:56.189Z - info: Site data built
2020-11-06T03:32:29.081Z - info: [11:32:29 AM] Reload for file change: D:\Teaching\CS2113\AY2021S1\website\admin\exams.md
2020-11-06T03:32:30.085Z - info: Rebuilding 1 pages
2020-11-06T03:32:30.437Z - info: Pages rebuilt
2020-11-06T03:32:30.437Z - info: Website regeneration complete! Total build time: 0.354s
2020-11-06T03:32:30.450Z - info: Site data built
2020-11-06T03:33:07.205Z - info: [11:33:07 AM] Reload for file change: D:\Teaching\CS2113\AY2021S1\website\admin\exams.md
2020-11-06T03:33:08.207Z - info: Rebuilding 1 pages
2020-11-06T03:33:08.455Z - info: Pages rebuilt
2020-11-06T03:33:08.456Z - info: Website regeneration complete! Total build time: 0.25s
2020-11-06T03:33:08.466Z - info: Site data built
2020-11-06T03:33:16.091Z - info: [11:33:16 AM] Reload for file change: D:\Teaching\CS2113\AY2021S1\website\admin\exams.md
2020-11-06T03:33:17.100Z - info: Rebuilding 1 pages
2020-11-06T03:33:17.396Z - info: Pages rebuilt
2020-11-06T03:33:17.397Z - info: Website regeneration complete! Total build time: 0.298s
2020-11-06T03:33:17.412Z - info: Site data built
2020-11-06T03:33:28.145Z - info: [11:33:28 AM] Reload for file change: D:\Teaching\CS2113\AY2021S1\website\admin\exams.md
2020-11-06T03:33:29.154Z - info: Rebuilding 1 pages
2020-11-06T03:33:29.471Z - info: Pages rebuilt
2020-11-06T03:33:29.471Z - info: Website regeneration complete! Total build time: 0.32s
2020-11-06T03:33:29.482Z - info: Site data built
2020-11-06T03:34:20.290Z - info: [11:34:20 AM] Reload for file change: D:\Teaching\CS2113\AY2021S1\website\admin\exams.md
2020-11-06T03:34:21.296Z - info: Rebuilding 1 pages
2020-11-06T03:34:21.533Z - info: Pages rebuilt
2020-11-06T03:34:21.533Z - info: Website regeneration complete! Total build time: 0.239s
2020-11-06T03:34:21.546Z - info: Site data built
2020-11-06T03:34:44.868Z - info: [11:34:44 AM] Reload for file change: D:\Teaching\CS2113\AY2021S1\website\admin\exams.md
2020-11-06T03:34:45.871Z - info: Rebuilding 1 pages
2020-11-06T03:34:46.134Z - info: Pages rebuilt
2020-11-06T03:34:46.134Z - info: Website regeneration complete! Total build time: 0.264s
2020-11-06T03:34:46.149Z - info: Site data built
2020-11-06T03:34:57.600Z - info: [11:34:57 AM] Reload for file change: D:\Teaching\CS2113\AY2021S1\website\admin\exams.md
2020-11-06T03:34:58.603Z - info: Rebuilding 1 pages
2020-11-06T03:34:58.848Z - info: Pages rebuilt
2020-11-06T03:34:58.849Z - info: Website regeneration complete! Total build time: 0.248s
2020-11-06T03:34:58.862Z - info: Site data built
2020-11-06T03:36:28.985Z - info: [11:36:28 AM] Reload for file change: D:\Teaching\CS2113\AY2021S1\website\admin\exams.md
2020-11-06T03:36:29.991Z - info: Rebuilding 1 pages
2020-11-06T03:36:30.229Z - info: Pages rebuilt
2020-11-06T03:36:30.231Z - info: Website regeneration complete! Total build time: 0.242s
2020-11-06T03:36:30.243Z - info: Site data built
2020-11-06T03:36:44.353Z - info: [11:36:44 AM] Reload for file change: D:\Teaching\CS2113\AY2021S1\website\admin\exams.md
2020-11-06T03:36:45.361Z - info: Rebuilding 1 pages
2020-11-06T03:36:45.603Z - info: Pages rebuilt
2020-11-06T03:36:45.604Z - info: Website regeneration complete! Total build time: 0.245s
2020-11-06T03:36:45.612Z - info: Site data built
2020-11-06T03:36:52.600Z - info: [11:36:52 AM] Reload for file change: D:\Teaching\CS2113\AY2021S1\website\admin\exams.md
2020-11-06T03:36:53.610Z - info: Rebuilding 1 pages
2020-11-06T03:36:53.805Z - info: Pages rebuilt
2020-11-06T03:36:53.805Z - info: Website regeneration complete! Total build time: 0.197s
2020-11-06T03:36:53.817Z - info: Site data built
2020-11-06T03:37:05.554Z - info: [11:37:05 AM] Reload for file change: D:\Teaching\CS2113\AY2021S1\website\admin\exams.md
2020-11-06T03:37:06.558Z - info: Rebuilding 1 pages
2020-11-06T03:37:06.764Z - info: Pages rebuilt
2020-11-06T03:37:06.764Z - info: Website regeneration complete! Total build time: 0.208s
2020-11-06T03:37:06.772Z - info: Site data built
2020-11-06T03:37:16.242Z - info: [11:37:16 AM] Reload for file change: D:\Teaching\CS2113\AY2021S1\website\admin\exams.md
2020-11-06T03:37:17.247Z - info: Rebuilding 1 pages
2020-11-06T03:37:17.520Z - info: Pages rebuilt
2020-11-06T03:37:17.520Z - info: Website regeneration complete! Total build time: 0.274s
2020-11-06T03:37:17.526Z - info: Site data built
2020-11-06T03:37:46.912Z - info: [11:37:46 AM] Reload for file change: D:\Teaching\CS2113\AY2021S1\website\admin\exams.md
2020-11-06T03:37:47.916Z - info: Rebuilding 1 pages
2020-11-06T03:37:48.093Z - info: Pages rebuilt
2020-11-06T03:37:48.094Z - info: Website regeneration complete! Total build time: 0.179s
2020-11-06T03:37:48.101Z - info: Site data built
2020-11-06T03:38:05.218Z - info: [11:38:05 AM] Reload for file change: D:\Teaching\CS2113\AY2021S1\website\admin\exams.md
2020-11-06T03:38:06.225Z - info: Rebuilding 1 pages
2020-11-06T03:38:06.545Z - info: Pages rebuilt
2020-11-06T03:38:06.545Z - info: Website regeneration complete! Total build time: 0.322s
2020-11-06T03:38:06.555Z - info: Site data built
2020-11-06T03:38:55.091Z - info: [11:38:55 AM] Reload for file change: D:\Teaching\CS2113\AY2021S1\website\admin\exams.md
2020-11-06T03:38:56.099Z - info: Rebuilding 1 pages
2020-11-06T03:38:56.336Z - info: Pages rebuilt
2020-11-06T03:38:56.338Z - info: Website regeneration complete! Total build time: 0.24s
2020-11-06T03:38:56.349Z - info: Site data built
2020-11-06T03:39:08.790Z - info: [11:39:08 AM] Reload for file change: D:\Teaching\CS2113\AY2021S1\website\admin\exams.md
2020-11-06T03:39:09.798Z - info: Rebuilding 1 pages
2020-11-06T03:39:10.130Z - info: Pages rebuilt
2020-11-06T03:39:10.133Z - info: Website regeneration complete! Total build time: 0.335s
2020-11-06T03:39:10.162Z - info: Site data built
2020-11-06T03:40:00.822Z - info: [11:40:00 AM] Reload for file change: D:\Teaching\CS2113\AY2021S1\website\admin\exams.md
2020-11-06T03:40:01.840Z - info: Rebuilding 1 pages
2020-11-06T03:40:02.100Z - info: Pages rebuilt
2020-11-06T03:40:02.101Z - info: Website regeneration complete! Total build time: 0.272s
2020-11-06T03:40:02.110Z - info: Site data built
2020-11-06T03:40:19.304Z - info: [11:40:19 AM] Reload for file change: D:\Teaching\CS2113\AY2021S1\website\admin\exams.md
2020-11-06T03:40:20.312Z - info: Rebuilding 1 pages
2020-11-06T03:40:20.542Z - info: Pages rebuilt
2020-11-06T03:40:20.543Z - info: Website regeneration complete! Total build time: 0.232s
2020-11-06T03:40:20.551Z - info: Site data built
2020-11-06T03:40:57.657Z - info: [11:40:57 AM] Reload for file change: D:\Teaching\CS2113\AY2021S1\website\admin\exams.md
2020-11-06T03:40:58.659Z - info: Rebuilding 1 pages
2020-11-06T03:40:58.880Z - info: Pages rebuilt
2020-11-06T03:40:58.881Z - info: Website regeneration complete! Total build time: 0.224s
2020-11-06T03:40:58.887Z - info: Site data built
2020-11-06T03:42:19.165Z - info: [11:42:19 AM] Reload for file change: D:\Teaching\CS2113\AY2021S1\website\admin\exams.md
2020-11-06T03:42:20.173Z - info: Rebuilding 1 pages
2020-11-06T03:42:20.598Z - info: Pages rebuilt
2020-11-06T03:42:20.598Z - info: Website regeneration complete! Total build time: 0.427s
2020-11-06T03:42:20.610Z - info: Site data built
2020-11-06T03:43:00.743Z - info: [11:43:00 AM] Reload for file change: D:\Teaching\CS2113\AY2021S1\website\admin\exams.md
2020-11-06T03:43:01.750Z - info: Rebuilding 1 pages
2020-11-06T03:43:01.975Z - info: Pages rebuilt
2020-11-06T03:43:01.975Z - info: Website regeneration complete! Total build time: 0.227s
2020-11-06T03:43:01.988Z - info: Site data built
2020-11-06T03:43:58.752Z - info: [11:43:58 AM] Reload for file change: D:\Teaching\CS2113\AY2021S1\website\admin\exams.md
2020-11-06T03:43:59.761Z - info: Rebuilding 1 pages
2020-11-06T03:44:00.008Z - info: Pages rebuilt
2020-11-06T03:44:00.009Z - info: Website regeneration complete! Total build time: 0.25s
2020-11-06T03:44:00.024Z - info: Site data built
2020-11-06T03:45:30.213Z - info: [11:45:30 AM] Reload for file change: D:\Teaching\CS2113\AY2021S1\website\admin\exams.md
2020-11-06T03:45:31.224Z - info: Rebuilding 1 pages
2020-11-06T03:45:31.446Z - info: Pages rebuilt
2020-11-06T03:45:31.446Z - info: Website regeneration complete! Total build time: 0.226s
2020-11-06T03:45:31.463Z - info: Site data built
2020-11-06T03:45:31.973Z - info: [11:45:31 AM] Reload for file change: D:\Teaching\CS2113\AY2021S1\website\admin\exams.md
2020-11-06T03:45:32.985Z - info: Rebuilding 1 pages
2020-11-06T03:45:33.182Z - info: Pages rebuilt
2020-11-06T03:45:33.182Z - info: Website regeneration complete! Total build time: 0.199s
2020-11-06T03:45:33.189Z - info: Site data built
2020-11-06T03:46:01.650Z - info: [11:46:01 AM] Reload for file change: D:\Teaching\CS2113\AY2021S1\website\admin\exams.md
2020-11-06T03:46:02.660Z - info: Rebuilding 1 pages
2020-11-06T03:46:02.851Z - info: Pages rebuilt
2020-11-06T03:46:02.852Z - info: Website regeneration complete! Total build time: 0.197s
2020-11-06T03:46:02.860Z - info: Site data built
2020-11-06T03:46:42.746Z - info: [11:46:42 AM] Reload for file change: D:\Teaching\CS2113\AY2021S1\website\admin\exams.md
2020-11-06T03:46:43.756Z - info: Rebuilding 1 pages
2020-11-06T03:46:44.098Z - info: Pages rebuilt
2020-11-06T03:46:44.098Z - info: Website regeneration complete! Total build time: 0.346s
2020-11-06T03:46:44.106Z - info: Site data built
2020-11-06T03:46:57.578Z - info: [11:46:57 AM] Reload for file change: D:\Teaching\CS2113\AY2021S1\website\admin\exams.md
2020-11-06T03:46:58.585Z - info: Rebuilding 1 pages
2020-11-06T03:46:58.837Z - info: Pages rebuilt
2020-11-06T03:46:58.840Z - info: Website regeneration complete! Total build time: 0.258s
2020-11-06T03:46:58.853Z - info: Site data built
2020-11-06T03:48:24.500Z - info: [11:48:24 AM] Reload for file change: D:\Teaching\CS2113\AY2021S1\website\admin\exams.md
2020-11-06T03:48:25.509Z - info: Rebuilding 1 pages
2020-11-06T03:48:25.744Z - info: Pages rebuilt
2020-11-06T03:48:25.745Z - info: Website regeneration complete! Total build time: 0.241s
2020-11-06T03:48:25.754Z - info: Site data built
2020-11-06T03:50:44.984Z - info: Website generation started at 11:50:42 AM
2020-11-06T03:50:49.329Z - info: Building assets...
2020-11-06T03:50:52.819Z - info: Assets built
2020-11-06T03:50:52.820Z - info: Generating pages...
2020-11-06T03:51:05.627Z - debug:  
2020-11-06T03:51:05.628Z - debug:  
2020-11-06T03:51:05.628Z - debug:  
2020-11-06T03:51:05.628Z - debug:  
2020-11-06T03:51:05.629Z - debug:  
2020-11-06T03:51:52.890Z - info: Website generation (lazy) started at 11:51:51 AM
2020-11-06T03:51:56.935Z - info: Building assets...
2020-11-06T03:52:00.209Z - info: Assets built
2020-11-06T03:52:00.211Z - info: Generating landing page...
2020-11-06T03:52:01.520Z - info: Landing page built, other pages will be built as you navigate to them!
2020-11-06T03:52:01.589Z - info: Website generation (lazy) complete! Total build time: 10.452s
2020-11-06T03:52:02.188Z - info: Serving "D:\Teaching\CS2113\AY2021S1\website\_site" at http://127.0.0.1:8080
2020-11-06T03:52:02.189Z - info: Press CTRL+C to stop ...
2020-11-06T03:52:02.244Z - info: Site data built
2020-11-06T03:52:09.602Z - info: Building D:\Teaching\CS2113\AY2021S1\website\admin\index as some of its dependencies were changed since the last visit
2020-11-06T03:52:10.449Z - info: Site data built
2020-11-06T03:52:10.450Z - info: Lazy website regeneration complete! Total build time: 0.848s
2020-11-06T03:52:15.612Z - info: Building D:\Teaching\CS2113\AY2021S1\website\admin\exams as some of its dependencies were changed since the last visit
2020-11-06T03:52:15.780Z - info: Site data built
2020-11-06T03:52:15.780Z - info: Lazy website regeneration complete! Total build time: 0.169s
2020-11-06T03:53:20.820Z - info: Website generation started at 11:53:18 AM
2020-11-06T03:53:24.964Z - info: Building assets...
2020-11-06T03:53:28.037Z - info: Assets built
2020-11-06T03:53:28.037Z - info: Generating pages...
2020-11-06T03:53:53.325Z - debug: The process cannot access the file because it is being used by another process.

2020-11-06T03:53:53.326Z - debug: The process cannot access the file because it is being used by another process.

2020-11-06T03:53:55.684Z - debug: The process cannot access the file because it is being used by another process.

2020-11-06T03:53:55.684Z - debug:  
2020-11-06T03:53:55.684Z - debug:  
2020-11-06T03:53:55.685Z - debug:  
2020-11-06T03:53:55.685Z - debug:  
2020-11-06T03:53:55.685Z - debug:  
2020-11-06T03:53:56.630Z - debug:  
2020-11-06T03:54:00.729Z - debug:  
2020-11-06T03:54:00.732Z - debug: The process cannot access the file because it is being used by another process.

2020-11-06T03:54:00.732Z - debug: The process cannot access the file because it is being used by another process.

2020-11-06T03:54:00.735Z - debug:  
2020-11-06T03:54:00.770Z - debug:  
2020-11-06T03:54:02.846Z - debug: The process cannot access the file because it is being used by another process.

2020-11-06T03:54:02.846Z - debug: The process cannot access the file because it is being used by another process.

2020-11-06T03:54:03.495Z - debug: The process cannot access the file because it is being used by another process.

2020-11-06T03:54:03.496Z - debug: The process cannot access the file because it is being used by another process.

2020-11-06T03:54:03.617Z - debug: The process cannot access the file because it is being used by another process.

2020-11-06T03:54:03.617Z - debug: The process cannot access the file because it is being used by another process.

2020-11-06T03:54:03.727Z - debug:  
2020-11-06T03:54:03.848Z - debug:  
2020-11-06T03:54:17.075Z - debug: The process cannot access the file because it is being used by another process.

2020-11-06T03:54:17.736Z - debug: The process cannot access the file because it is being used by another process.

2020-11-06T03:54:18.895Z - debug: The process cannot access the file because it is being used by another process.

2020-11-06T03:54:19.543Z - debug:  
2020-11-06T03:54:20.610Z - debug: The process cannot access the file because it is being used by another process.

2020-11-06T03:54:21.852Z - debug: The process cannot access the file because it is being used by another process.

2020-11-06T03:54:23.314Z - debug: The process cannot access the file because it is being used by another process.

2020-11-06T03:54:23.314Z - debug:  
2020-11-06T03:54:26.152Z - debug: The process cannot access the file because it is being used by another process.

2020-11-06T03:54:26.153Z - debug: The process cannot access the file because it is being used by another process.

2020-11-06T03:54:28.654Z - debug: The process cannot access the file because it is being used by another process.

2020-11-06T03:54:28.655Z - debug: The process cannot access the file because it is being used by another process.

2020-11-06T03:54:29.088Z - debug:  
2020-11-06T03:54:30.398Z - debug:  
2020-11-06T03:54:33.195Z - debug:  
2020-11-06T03:54:33.377Z - debug:  
2020-11-06T03:54:38.462Z - debug: The process cannot access the file because it is being used by another process.

2020-11-06T03:54:40.294Z - debug: The process cannot access the file because it is being used by another process.

2020-11-06T03:54:41.220Z - debug:  
2020-11-06T03:55:00.874Z - debug:  
2020-11-06T03:55:00.875Z - debug:  
2020-11-06T03:55:01.007Z - debug:  
2020-11-06T03:55:01.337Z - debug:  
2020-11-06T03:55:06.187Z - debug:  
2020-11-06T03:55:06.402Z - debug:  
2020-11-06T03:55:07.608Z - debug:  
2020-11-06T03:55:15.419Z - debug:  
2020-11-06T03:55:16.007Z - debug:  
2020-11-06T03:55:16.007Z - debug:  
2020-11-06T03:55:16.007Z - debug:  
2020-11-06T03:55:16.007Z - debug:  
2020-11-06T03:55:22.738Z - debug:  
2020-11-06T03:55:22.738Z - debug:  
2020-11-06T03:55:24.115Z - debug:  
2020-11-06T03:55:28.949Z - debug:  
2020-11-06T03:55:44.934Z - debug:  
2020-11-06T03:55:56.024Z - debug:  
2020-11-06T03:55:56.025Z - debug:  
2020-11-06T03:55:56.025Z - debug:  
2020-11-06T03:56:21.070Z - debug:  
2020-11-06T03:56:35.985Z - debug:  
2020-11-06T03:56:35.985Z - debug:  
2020-11-06T03:56:45.057Z - info: Pages built
2020-11-06T03:57:09.369Z - info: Website generation complete! Total build time: 230.567s
2020-11-06T03:57:09.373Z - info: Build success!
2020-11-06T03:57:09.373Z - debug:  
2020-11-06T03:57:09.379Z - info: Site data built
2020-11-06T03:57:53.800Z - info: Deployed!
2020-11-06T04:45:55.365Z - info: Website generation started at 12:45:48 PM
2020-11-06T04:46:01.711Z - info: Building assets...
2020-11-06T04:46:06.364Z - info: Assets built
2020-11-06T04:46:06.366Z - info: Generating pages...
2020-11-06T04:46:29.362Z - debug: The process cannot access the file because it is being used by another process.

2020-11-06T04:46:29.364Z - debug: The process cannot access the file because it is being used by another process.

2020-11-06T04:46:31.934Z - debug: The process cannot access the file because it is being used by another process.

2020-11-06T04:46:31.935Z - debug: The process cannot access the file because it is being used by another process.

2020-11-06T04:46:31.935Z - debug:  
2020-11-06T04:46:31.936Z - debug:  
2020-11-06T04:46:31.936Z - debug:  
2020-11-06T04:46:31.938Z - debug:  
2020-11-06T04:46:31.938Z - debug:  
2020-11-06T04:46:32.898Z - debug:  
2020-11-06T04:46:39.069Z - debug: The process cannot access the file because it is being used by another process.

2020-11-06T04:46:39.073Z - debug: The process cannot access the file because it is being used by another process.

2020-11-06T04:46:39.073Z - debug:  
2020-11-06T04:46:39.074Z - debug:  
2020-11-06T04:46:41.694Z - debug: The process cannot access the file because it is being used by another process.

2020-11-06T04:46:41.694Z - debug: The process cannot access the file because it is being used by another process.

2020-11-06T04:46:42.364Z - debug: The process cannot access the file because it is being used by another process.

2020-11-06T04:46:42.365Z - debug: The process cannot access the file because it is being used by another process.

2020-11-06T04:46:42.660Z - debug:  
2020-11-06T04:46:42.661Z - debug:  
2020-11-06T04:46:47.076Z - debug:  
2020-11-06T04:46:47.077Z - debug:  
2020-11-06T04:47:03.964Z - debug: The process cannot access the file because it is being used by another process.

2020-11-06T04:47:05.094Z - debug: The process cannot access the file because it is being used by another process.

2020-11-06T04:47:06.825Z - debug: The process cannot access the file because it is being used by another process.

2020-11-06T04:47:07.557Z - debug:  
2020-11-06T04:47:09.524Z - debug: The process cannot access the file because it is being used by another process.

2020-11-06T04:47:10.682Z - debug: The process cannot access the file because it is being used by another process.

2020-11-06T04:47:12.246Z - debug: The process cannot access the file because it is being used by another process.

2020-11-06T04:47:12.246Z - debug:  
2020-11-06T04:47:16.149Z - debug: The process cannot access the file because it is being used by another process.

2020-11-06T04:47:16.150Z - debug: The process cannot access the file because it is being used by another process.

2020-11-06T04:47:19.118Z - debug: The process cannot access the file because it is being used by another process.

2020-11-06T04:47:19.119Z - debug: The process cannot access the file because it is being used by another process.

2020-11-06T04:47:19.563Z - debug:  
2020-11-06T04:47:21.801Z - debug:  
2020-11-06T04:47:26.012Z - debug:  
2020-11-06T04:47:26.194Z - debug:  
2020-11-06T04:47:34.318Z - debug: The process cannot access the file because it is being used by another process.

2020-11-06T04:47:36.562Z - debug: The process cannot access the file because it is being used by another process.

2020-11-06T04:47:37.544Z - debug:  
2020-11-06T04:48:04.778Z - debug:  
2020-11-06T04:48:04.780Z - debug:  
2020-11-06T04:48:05.084Z - debug:  
2020-11-06T04:48:05.347Z - debug:  
2020-11-06T04:48:12.418Z - debug:  
2020-11-06T04:48:12.603Z - debug:  
2020-11-06T04:48:14.661Z - debug:  
2020-11-06T04:48:24.752Z - debug:  
2020-11-06T04:48:26.174Z - debug:  
2020-11-06T04:48:26.174Z - debug:  
2020-11-06T04:48:26.175Z - debug:  
2020-11-06T04:48:26.176Z - debug:  
2020-11-06T04:48:36.523Z - debug:  
2020-11-06T04:48:36.524Z - debug:  
2020-11-06T04:48:36.528Z - debug:  
2020-11-06T04:48:42.326Z - debug:  
2020-11-06T04:49:04.864Z - debug:  
2020-11-06T04:49:17.589Z - debug:  
2020-11-06T04:49:17.591Z - debug:  
2020-11-06T04:49:17.591Z - debug:  
2020-11-06T04:49:50.280Z - debug:  
2020-11-06T04:50:11.386Z - debug:  
2020-11-06T04:50:11.387Z - debug:  
2020-11-06T04:50:27.262Z - info: Pages built
2020-11-06T04:51:04.836Z - info: Website generation complete! Total build time: 316.28s
2020-11-06T04:51:04.840Z - info: Build success!
2020-11-06T04:51:04.840Z - debug:  
2020-11-06T04:51:04.851Z - info: Site data built
2020-11-06T04:51:49.084Z - info: Deployed!
2020-11-06T04:52:04.982Z - info: Website generation started at 12:51:58 PM
2020-11-06T04:52:12.588Z - info: Building assets...
2020-11-06T04:52:17.496Z - info: Assets built
2020-11-06T04:52:17.497Z - info: Generating pages...
2020-11-06T04:52:37.115Z - debug: The process cannot access the file because it is being used by another process.

2020-11-06T04:52:37.129Z - debug: The process cannot access the file because it is being used by another process.

2020-11-06T04:52:37.250Z - debug:  
2020-11-06T04:52:37.250Z - debug:  
2020-11-06T04:52:37.251Z - debug:  
2020-11-06T04:52:37.253Z - debug:  
2020-11-06T04:52:37.253Z - debug:  
2020-11-06T04:52:43.405Z - debug:  
2020-11-06T04:52:44.354Z - debug:  
2020-11-06T04:52:45.305Z - debug:  
2020-11-06T04:52:49.328Z - debug: The process cannot access the file because it is being used by another process.

2020-11-06T04:52:49.336Z - debug: The process cannot access the file because it is being used by another process.

2020-11-06T04:52:49.336Z - debug:  
2020-11-06T04:52:49.336Z - debug:  
2020-11-06T04:52:51.399Z - debug: The process cannot access the file because it is being used by another process.

2020-11-06T04:52:51.399Z - debug: The process cannot access the file because it is being used by another process.

2020-11-06T04:52:52.065Z - debug: The process cannot access the file because it is being used by another process.

2020-11-06T04:52:52.065Z - debug: The process cannot access the file because it is being used by another process.

2020-11-06T04:52:52.236Z - debug:  
2020-11-06T04:52:52.237Z - debug:  
2020-11-06T04:52:56.811Z - debug:  
2020-11-06T04:52:56.821Z - debug:  
2020-11-06T04:53:13.516Z - debug: The process cannot access the file because it is being used by another process.

2020-11-06T04:53:15.741Z - debug: The process cannot access the file because it is being used by another process.

2020-11-06T04:53:15.743Z - debug: The process cannot access the file because it is being used by another process.

2020-11-06T04:53:16.442Z - debug:  
2020-11-06T04:53:17.497Z - debug: The process cannot access the file because it is being used by another process.

2020-11-06T04:53:18.616Z - debug: The process cannot access the file because it is being used by another process.

2020-11-06T04:53:20.433Z - debug: The process cannot access the file because it is being used by another process.

2020-11-06T04:53:20.434Z - debug:  
2020-11-06T04:53:26.391Z - debug: The process cannot access the file because it is being used by another process.

2020-11-06T04:53:26.393Z - debug: The process cannot access the file because it is being used by another process.

2020-11-06T04:53:30.070Z - debug: The process cannot access the file because it is being used by another process.

2020-11-06T04:53:30.082Z - debug: The process cannot access the file because it is being used by another process.

2020-11-06T04:53:30.814Z - debug:  
2020-11-06T04:53:30.956Z - debug:  
2020-11-06T04:53:37.594Z - debug:  
2020-11-06T04:53:38.026Z - debug:  
2020-11-06T04:53:44.539Z - debug: The process cannot access the file because it is being used by another process.

2020-11-06T04:53:48.342Z - debug: The process cannot access the file because it is being used by another process.

2020-11-06T04:53:49.210Z - debug:  
2020-11-06T04:54:17.314Z - debug:  
2020-11-06T04:54:17.508Z - debug:  
2020-11-06T04:54:17.509Z - debug:  
2020-11-06T04:54:17.770Z - debug:  
2020-11-06T04:54:24.709Z - debug:  
2020-11-06T04:54:25.021Z - debug:  
2020-11-06T04:54:25.316Z - debug:  
2020-11-06T04:54:40.993Z - debug:  
2020-11-06T04:54:47.739Z - debug:  
2020-11-06T04:54:47.740Z - debug:  
2020-11-06T04:54:47.741Z - debug:  
2020-11-06T04:54:47.741Z - debug:  
2020-11-06T04:54:59.152Z - debug:  
2020-11-06T04:54:59.155Z - debug:  
2020-11-06T04:54:59.775Z - debug:  
2020-11-06T04:55:04.829Z - debug:  
2020-11-06T04:55:27.059Z - debug:  
2020-11-06T04:55:41.713Z - debug:  
2020-11-06T04:55:41.714Z - debug:  
2020-11-06T04:55:41.714Z - debug:  
2020-11-06T04:56:22.596Z - debug:  
2020-11-06T04:56:42.130Z - debug:  
2020-11-06T04:56:42.131Z - debug:  
2020-11-06T04:56:56.571Z - info: Pages built
2020-11-06T04:57:29.470Z - info: Website generation complete! Total build time: 331.243s
2020-11-06T04:57:29.472Z - info: Build success!
2020-11-06T04:57:29.472Z - debug:  
2020-11-06T04:57:29.479Z - info: Site data built
2020-11-06T04:58:15.728Z - info: Deployed!
2020-11-06T05:58:06.559Z - info: Website generation (lazy) started at 1:57:59 PM
2020-11-06T05:58:12.418Z - info: Building assets...
2020-11-06T05:58:16.234Z - info: Assets built
2020-11-06T05:58:16.236Z - info: Generating landing page...
2020-11-06T05:58:18.256Z - info: Landing page built, other pages will be built as you navigate to them!
2020-11-06T05:58:18.348Z - info: Website generation (lazy) complete! Total build time: 18.902s
2020-11-06T05:58:19.019Z - info: Serving "D:\Teaching\CS2113\AY2021S1\website\_site" at http://127.0.0.1:8080
2020-11-06T05:58:19.020Z - info: Press CTRL+C to stop ...
2020-11-06T05:58:19.083Z - info: Site data built
2020-11-06T05:58:34.366Z - info: Building D:\Teaching\CS2113\AY2021S1\website\schedule\week13\index as some of its dependencies were changed since the last visit
2020-11-06T05:58:34.797Z - info: Site data built
2020-11-06T05:58:34.800Z - info: Lazy website regeneration complete! Total build time: 0.431s
2020-11-06T05:58:38.981Z - info: Building D:\Teaching\CS2113\AY2021S1\website\schedule\week13\project as some of its dependencies were changed since the last visit
2020-11-06T05:58:40.614Z - info: Site data built
2020-11-06T05:58:40.615Z - info: Lazy website regeneration complete! Total build time: 1.633s
2020-11-06T06:05:35.537Z - info: Website generation started at 2:05:33 PM
2020-11-06T06:05:40.878Z - info: Building assets...
