2020-09-01T06:00:15.666Z - info: Website generation started at 2:00:10 PM
2020-09-01T06:00:20.605Z - info: Building assets...
2020-09-01T06:00:23.568Z - info: Assets built
2020-09-01T06:00:23.569Z - info: Generating pages...
2020-09-01T06:00:36.484Z - debug: The process cannot access the file because it is being used by another process.

2020-09-01T06:00:36.485Z - debug: The process cannot access the file because it is being used by another process.

2020-09-01T06:00:40.526Z - debug:  
2020-09-01T06:00:40.526Z - debug:  
2020-09-01T06:00:40.527Z - debug:  
2020-09-01T06:00:40.527Z - debug:  
2020-09-01T06:00:42.151Z - debug:  
2020-09-01T06:00:43.049Z - debug:  
2020-09-01T06:00:44.169Z - debug:  
2020-09-01T06:00:46.595Z - debug: The process cannot access the file because it is being used by another process.

2020-09-01T06:00:46.595Z - debug: The process cannot access the file because it is being used by another process.

2020-09-01T06:00:46.596Z - debug:  
2020-09-01T06:00:46.596Z - debug:  
2020-09-01T06:00:48.776Z - debug: The process cannot access the file because it is being used by another process.

2020-09-01T06:00:48.778Z - debug: The process cannot access the file because it is being used by another process.

2020-09-01T06:00:49.471Z - debug: The process cannot access the file because it is being used by another process.

2020-09-01T06:00:49.471Z - debug: The process cannot access the file because it is being used by another process.

2020-09-01T06:00:49.590Z - debug: The process cannot access the file because it is being used by another process.

2020-09-01T06:00:49.590Z - debug: The process cannot access the file because it is being used by another process.

2020-09-01T06:00:49.698Z - debug:  
2020-09-01T06:00:49.837Z - debug:  
2020-09-01T06:01:10.845Z - debug: The process cannot access the file because it is being used by another process.

2020-09-01T06:01:10.846Z - debug: The process cannot access the file because it is being used by another process.

2020-09-01T06:01:13.027Z - debug: The process cannot access the file because it is being used by another process.

2020-09-01T06:01:13.028Z - debug: The process cannot access the file because it is being used by another process.

2020-09-01T06:01:13.302Z - debug:  
2020-09-01T06:01:14.723Z - debug:  
2020-09-01T06:01:17.506Z - debug:  
2020-09-01T06:01:17.734Z - debug:  
2020-09-01T06:01:23.427Z - debug: The process cannot access the file because it is being used by another process.

2020-09-01T06:01:26.311Z - debug: The process cannot access the file because it is being used by another process.

2020-09-01T06:01:27.103Z - debug:  
2020-09-01T06:01:50.304Z - debug:  
2020-09-01T06:01:50.305Z - debug:  
2020-09-01T06:01:50.567Z - debug:  
2020-09-01T06:01:50.567Z - debug:  
2020-09-01T06:01:55.518Z - debug:  
2020-09-01T06:01:56.895Z - debug:  
2020-09-01T06:02:03.244Z - debug:  
2020-09-01T06:02:06.272Z - debug:  
2020-09-01T06:02:06.272Z - debug:  
2020-09-01T06:02:06.273Z - debug:  
2020-09-01T06:02:06.839Z - debug:  
2020-09-01T06:02:14.427Z - debug:  
2020-09-01T06:02:14.428Z - debug:  
2020-09-01T06:02:19.457Z - debug:  
2020-09-01T06:02:48.477Z - debug:  
2020-09-01T06:02:48.478Z - debug:  
2020-09-01T06:02:48.478Z - debug:  
2020-09-01T06:03:15.061Z - debug:  
2020-09-01T06:03:39.818Z - debug:  
2020-09-01T06:03:40.461Z - debug:  
2020-09-01T06:03:50.697Z - info: Pages built
2020-09-01T06:04:16.065Z - info: Website generation complete! Total build time: 245.261s
2020-09-01T06:04:16.655Z - info: Serving "D:\Teaching\CS2113\AY2021S1\website\_site" at http://127.0.0.1:8080
2020-09-01T06:04:16.655Z - info: Press CTRL+C to stop ...
2020-09-01T06:04:16.655Z - debug:  
2020-09-01T06:04:16.717Z - info: Site data built
2020-09-01T06:06:46.646Z - info: Website generation started at 2:06:41 PM
2020-09-01T06:06:51.271Z - info: Building assets...
2020-09-01T06:06:54.046Z - info: Assets built
2020-09-01T06:06:54.047Z - info: Generating pages...
2020-09-01T06:07:04.634Z - debug: The process cannot access the file because it is being used by another process.

2020-09-01T06:07:04.634Z - debug: The process cannot access the file because it is being used by another process.

2020-09-01T06:07:06.917Z - debug: The process cannot access the file because it is being used by another process.

2020-09-01T06:07:06.918Z - debug:  
2020-09-01T06:07:06.918Z - debug:  
2020-09-01T06:07:06.919Z - debug:  
2020-09-01T06:07:06.919Z - debug:  
2020-09-01T06:07:08.078Z - debug:  
2020-09-01T06:07:09.218Z - debug:  
2020-09-01T06:07:12.579Z - debug: The process cannot access the file because it is being used by another process.

2020-09-01T06:07:12.580Z - debug: The process cannot access the file because it is being used by another process.

2020-09-01T06:07:12.581Z - debug:  
2020-09-01T06:07:12.581Z - debug:  
2020-09-01T06:07:14.103Z - debug: The process cannot access the file because it is being used by another process.

2020-09-01T06:07:14.104Z - debug: The process cannot access the file because it is being used by another process.

2020-09-01T06:07:14.748Z - debug: The process cannot access the file because it is being used by another process.

2020-09-01T06:07:14.748Z - debug:  
2020-09-01T06:07:14.748Z - debug: The process cannot access the file because it is being used by another process.

2020-09-01T06:07:14.886Z - debug:  
2020-09-01T06:07:19.061Z - debug:  
2020-09-01T06:07:19.062Z - debug:  
2020-09-01T06:07:36.808Z - debug: The process cannot access the file because it is being used by another process.

2020-09-01T06:07:36.809Z - debug: The process cannot access the file because it is being used by another process.

2020-09-01T06:07:39.145Z - debug: The process cannot access the file because it is being used by another process.

2020-09-01T06:07:39.147Z - debug: The process cannot access the file because it is being used by another process.

2020-09-01T06:07:39.373Z - debug:  
2020-09-01T06:07:40.930Z - debug:  
2020-09-01T06:07:43.385Z - debug:  
2020-09-01T06:07:43.626Z - debug:  
2020-09-01T06:07:49.010Z - debug: The process cannot access the file because it is being used by another process.

2020-09-01T06:07:50.811Z - debug: The process cannot access the file because it is being used by another process.

2020-09-01T06:07:51.611Z - debug:  
2020-09-01T06:08:12.969Z - debug:  
2020-09-01T06:08:13.227Z - debug:  
2020-09-01T06:08:13.227Z - debug:  
2020-09-01T06:08:13.450Z - debug:  
2020-09-01T06:08:19.119Z - debug:  
2020-09-01T06:08:19.119Z - debug:  
2020-09-01T06:08:24.693Z - debug:  
2020-09-01T06:08:27.482Z - debug:  
2020-09-01T06:08:27.483Z - debug:  
2020-09-01T06:08:27.483Z - debug:  
2020-09-01T06:08:28.003Z - debug:  
2020-09-01T06:08:35.687Z - debug:  
2020-09-01T06:08:36.147Z - debug:  
2020-09-01T06:08:40.340Z - debug:  
2020-09-01T06:09:08.771Z - debug:  
2020-09-01T06:09:08.772Z - debug:  
2020-09-01T06:09:08.772Z - debug:  
2020-09-01T06:09:32.158Z - debug:  
2020-09-01T06:09:45.992Z - debug:  
2020-09-01T06:09:45.993Z - debug:  
2020-09-01T06:09:55.186Z - info: Pages built
2020-09-01T06:10:20.778Z - info: Website generation complete! Total build time: 218.815s
2020-09-01T06:10:20.780Z - info: Build success!
2020-09-01T06:10:20.780Z - debug:  
2020-09-01T06:10:20.784Z - info: Site data built
2020-09-01T06:11:00.596Z - info: Deployed!
