2020-10-25T23:37:55.362Z - info: Website generation started at 7:37:45 AM
2020-10-25T23:38:01.743Z - info: Building assets...
2020-10-25T23:38:07.696Z - info: Assets built
2020-10-25T23:38:07.697Z - info: Generating pages...
2020-10-25T23:38:27.881Z - debug:  
2020-10-25T23:38:27.882Z - debug:  
2020-10-25T23:38:27.886Z - debug: The process cannot access the file because it is being used by another process.

2020-10-25T23:38:27.887Z - debug: The process cannot access the file because it is being used by another process.

2020-10-25T23:38:32.001Z - debug:  
2020-10-25T23:38:32.002Z - debug:  
2020-10-25T23:38:32.002Z - debug:  
2020-10-25T23:38:33.417Z - debug:  
2020-10-25T23:38:33.894Z - debug:  
2020-10-25T23:38:33.894Z - debug:  
2020-10-25T23:38:38.000Z - debug: The process cannot access the file because it is being used by another process.

2020-10-25T23:38:38.001Z - debug: The process cannot access the file because it is being used by another process.

2020-10-25T23:38:38.001Z - debug:  
2020-10-25T23:38:38.001Z - debug:  
2020-10-25T23:38:40.306Z - debug: The process cannot access the file because it is being used by another process.

2020-10-25T23:38:40.306Z - debug: The process cannot access the file because it is being used by another process.

2020-10-25T23:38:40.969Z - debug: The process cannot access the file because it is being used by another process.

2020-10-25T23:38:40.969Z - debug: The process cannot access the file because it is being used by another process.

2020-10-25T23:38:40.970Z - debug: The process cannot access the file because it is being used by another process.

2020-10-25T23:38:40.970Z - debug: The process cannot access the file because it is being used by another process.

2020-10-25T23:38:41.005Z - debug:  
2020-10-25T23:38:41.160Z - debug:  
2020-10-25T23:38:55.913Z - debug: The process cannot access the file because it is being used by another process.

2020-10-25T23:38:55.914Z - debug: The process cannot access the file because it is being used by another process.

2020-10-25T23:38:57.323Z - debug: The process cannot access the file because it is being used by another process.

2020-10-25T23:38:58.088Z - debug:  
2020-10-25T23:38:58.088Z - debug: The process cannot access the file because it is being used by another process.

2020-10-25T23:38:59.553Z - debug: The process cannot access the file because it is being used by another process.

2020-10-25T23:39:01.563Z - debug: The process cannot access the file because it is being used by another process.

2020-10-25T23:39:02.059Z - debug:  
2020-10-25T23:39:04.537Z - debug: The process cannot access the file because it is being used by another process.

2020-10-25T23:39:04.545Z - debug: The process cannot access the file because it is being used by another process.

2020-10-25T23:39:06.790Z - debug: The process cannot access the file because it is being used by another process.

2020-10-25T23:39:06.791Z - debug: The process cannot access the file because it is being used by another process.

2020-10-25T23:39:08.546Z - debug:  
2020-10-25T23:39:08.547Z - debug:  
2020-10-25T23:39:11.419Z - debug:  
2020-10-25T23:39:11.574Z - debug:  
2020-10-25T23:39:17.933Z - debug: The process cannot access the file because it is being used by another process.

2020-10-25T23:39:19.948Z - debug: The process cannot access the file because it is being used by another process.

2020-10-25T23:39:20.951Z - debug:  
2020-10-25T23:39:42.588Z - debug:  
2020-10-25T23:39:42.732Z - debug:  
2020-10-25T23:39:42.733Z - debug:  
2020-10-25T23:39:42.950Z - debug:  
2020-10-25T23:39:50.464Z - debug:  
2020-10-25T23:39:50.465Z - debug:  
2020-10-25T23:39:50.466Z - debug:  
2020-10-25T23:40:01.393Z - debug:  
2020-10-25T23:40:02.119Z - debug:  
2020-10-25T23:40:02.119Z - debug:  
2020-10-25T23:40:02.119Z - debug:  
2020-10-25T23:40:02.119Z - debug:  
2020-10-25T23:40:10.962Z - debug:  
2020-10-25T23:40:10.962Z - debug:  
2020-10-25T23:40:11.404Z - debug:  
2020-10-25T23:40:15.294Z - debug:  
2020-10-25T23:40:33.070Z - debug:  
2020-10-25T23:40:43.677Z - debug:  
2020-10-25T23:40:43.678Z - debug:  
2020-10-25T23:40:43.678Z - debug:  
2020-10-25T23:41:09.232Z - debug:  
2020-10-25T23:41:21.684Z - debug:  
2020-10-25T23:41:21.685Z - debug:  
2020-10-25T23:41:31.944Z - info: Pages built
2020-10-25T23:41:55.586Z - info: Website generation complete! Total build time: 249.742s
2020-10-25T23:41:55.588Z - info: Build success!
2020-10-25T23:41:55.588Z - debug:  
2020-10-25T23:41:55.591Z - info: Site data built
2020-10-25T23:42:29.812Z - info: Deployed!
