2020-08-23T10:01:39.914Z - info: Website generation started at 6:01:33 PM
2020-08-23T10:01:44.727Z - info: Building assets...
2020-08-23T10:01:47.522Z - info: Assets built
2020-08-23T10:01:47.523Z - info: Generating pages...
2020-08-23T10:02:00.285Z - debug: The process cannot access the file because it is being used by another process.

2020-08-23T10:02:00.285Z - debug: The process cannot access the file because it is being used by another process.

2020-08-23T10:02:00.287Z - debug:  
2020-08-23T10:02:00.287Z - debug:  
2020-08-23T10:02:00.287Z - debug:  
2020-08-23T10:02:00.287Z - debug:  
2020-08-23T10:02:02.911Z - debug:  
2020-08-23T10:02:04.636Z - debug:  
2020-08-23T10:02:04.830Z - debug:  
2020-08-23T10:02:08.891Z - debug: The process cannot access the file because it is being used by another process.

2020-08-23T10:02:08.892Z - debug: The process cannot access the file because it is being used by another process.

2020-08-23T10:02:08.892Z - debug:  
2020-08-23T10:02:08.893Z - debug:  
2020-08-23T10:02:10.343Z - debug: The process cannot access the file because it is being used by another process.

2020-08-23T10:02:10.343Z - debug: The process cannot access the file because it is being used by another process.

2020-08-23T10:02:10.885Z - debug: The process cannot access the file because it is being used by another process.

2020-08-23T10:02:10.885Z - debug: The process cannot access the file because it is being used by another process.

2020-08-23T10:02:10.994Z - debug: The process cannot access the file because it is being used by another process.

2020-08-23T10:02:10.994Z - debug: The process cannot access the file because it is being used by another process.

2020-08-23T10:02:10.995Z - debug:  
2020-08-23T10:02:11.076Z - debug:  
2020-08-23T10:02:32.416Z - debug: The process cannot access the file because it is being used by another process.

2020-08-23T10:02:32.417Z - debug: The process cannot access the file because it is being used by another process.

2020-08-23T10:02:35.102Z - debug: The process cannot access the file because it is being used by another process.

2020-08-23T10:02:35.103Z - debug: The process cannot access the file because it is being used by another process.

2020-08-23T10:02:36.844Z - debug:  
2020-08-23T10:02:36.848Z - debug:  
2020-08-23T10:02:39.649Z - debug:  
2020-08-23T10:02:39.942Z - debug:  
2020-08-23T10:02:45.421Z - debug: The process cannot access the file because it is being used by another process.

2020-08-23T10:02:47.262Z - debug: The process cannot access the file because it is being used by another process.

2020-08-23T10:02:48.208Z - debug:  
2020-08-23T10:03:10.370Z - debug:  
2020-08-23T10:03:10.371Z - debug:  
2020-08-23T10:03:10.613Z - debug:  
2020-08-23T10:03:10.617Z - debug:  
2020-08-23T10:03:16.592Z - debug:  
2020-08-23T10:03:16.593Z - debug:  
2020-08-23T10:03:22.245Z - debug:  
2020-08-23T10:03:25.403Z - debug:  
2020-08-23T10:03:25.403Z - debug:  
2020-08-23T10:03:25.918Z - debug:  
2020-08-23T10:03:25.918Z - debug:  
2020-08-23T10:03:33.744Z - debug:  
2020-08-23T10:03:33.961Z - debug:  
2020-08-23T10:03:38.680Z - debug:  
2020-08-23T10:04:06.603Z - debug:  
2020-08-23T10:04:06.603Z - debug:  
2020-08-23T10:04:06.604Z - debug:  
2020-08-23T10:04:30.724Z - debug:  
2020-08-23T10:04:45.350Z - debug:  
2020-08-23T10:04:45.351Z - debug:  
2020-08-23T10:04:54.366Z - info: Pages built
2020-08-23T10:05:20.146Z - info: Website generation complete! Total build time: 226.575s
2020-08-23T10:05:20.148Z - info: Build success!
2020-08-23T10:05:20.149Z - debug:  
2020-08-23T10:05:20.152Z - info: Site data built
2020-08-23T10:06:00.558Z - info: Deployed!
