2020-11-02T03:32:45.213Z - info: Website generation started at 11:32:39 AM
2020-11-02T03:32:51.420Z - info: Building assets...
2020-11-02T03:32:56.331Z - info: Assets built
2020-11-02T03:32:56.333Z - info: Generating pages...
2020-11-02T03:33:21.599Z - debug: The process cannot access the file because it is being used by another process.

2020-11-02T03:33:21.600Z - debug: The process cannot access the file because it is being used by another process.

2020-11-02T03:33:24.811Z - debug:  
2020-11-02T03:33:24.811Z - debug:  
2020-11-02T03:33:24.812Z - debug:  
2020-11-02T03:33:24.812Z - debug:  
2020-11-02T03:33:24.812Z - debug:  
2020-11-02T03:33:27.189Z - debug:  
2020-11-02T03:33:31.649Z - debug:  
2020-11-02T03:33:31.650Z - debug:  
2020-11-02T03:33:31.651Z - debug: The process cannot access the file because it is being used by another process.

2020-11-02T03:33:31.651Z - debug: The process cannot access the file because it is being used by another process.

2020-11-02T03:33:31.677Z - debug:  
2020-11-02T03:33:31.677Z - debug:  
2020-11-02T03:33:33.389Z - debug: The process cannot access the file because it is being used by another process.

2020-11-02T03:33:33.389Z - debug: The process cannot access the file because it is being used by another process.

2020-11-02T03:33:33.965Z - debug: The process cannot access the file because it is being used by another process.

2020-11-02T03:33:33.966Z - debug: The process cannot access the file because it is being used by another process.

2020-11-02T03:33:34.120Z - debug: The process cannot access the file because it is being used by another process.

2020-11-02T03:33:34.121Z - debug: The process cannot access the file because it is being used by another process.

2020-11-02T03:33:34.121Z - debug:  
2020-11-02T03:33:34.236Z - debug:  
2020-11-02T03:33:48.196Z - debug: The process cannot access the file because it is being used by another process.

2020-11-02T03:33:48.793Z - debug: The process cannot access the file because it is being used by another process.

2020-11-02T03:33:50.026Z - debug: The process cannot access the file because it is being used by another process.

2020-11-02T03:33:50.440Z - debug:  
2020-11-02T03:33:51.350Z - debug: The process cannot access the file because it is being used by another process.

2020-11-02T03:33:52.301Z - debug: The process cannot access the file because it is being used by another process.

2020-11-02T03:33:53.750Z - debug: The process cannot access the file because it is being used by another process.

2020-11-02T03:33:53.751Z - debug:  
2020-11-02T03:33:56.354Z - debug: The process cannot access the file because it is being used by another process.

2020-11-02T03:33:56.355Z - debug: The process cannot access the file because it is being used by another process.

2020-11-02T03:33:58.799Z - debug: The process cannot access the file because it is being used by another process.

2020-11-02T03:33:58.799Z - debug: The process cannot access the file because it is being used by another process.

2020-11-02T03:34:00.505Z - debug:  
2020-11-02T03:34:00.505Z - debug:  
2020-11-02T03:34:03.322Z - debug:  
2020-11-02T03:34:03.420Z - debug:  
2020-11-02T03:34:08.984Z - debug: The process cannot access the file because it is being used by another process.

2020-11-02T03:34:11.123Z - debug: The process cannot access the file because it is being used by another process.

2020-11-02T03:34:11.794Z - debug:  
2020-11-02T03:34:34.214Z - debug:  
2020-11-02T03:34:34.215Z - debug:  
2020-11-02T03:34:34.215Z - debug:  
2020-11-02T03:34:34.215Z - debug:  
2020-11-02T03:34:40.653Z - debug:  
2020-11-02T03:34:40.654Z - debug:  
2020-11-02T03:34:40.654Z - debug:  
2020-11-02T03:34:48.420Z - debug:  
2020-11-02T03:34:49.110Z - debug:  
2020-11-02T03:34:49.110Z - debug:  
2020-11-02T03:34:49.110Z - debug:  
2020-11-02T03:34:49.111Z - debug:  
2020-11-02T03:34:56.978Z - debug:  
2020-11-02T03:34:56.979Z - debug:  
2020-11-02T03:34:57.244Z - debug:  
2020-11-02T03:35:01.549Z - debug:  
2020-11-02T03:35:20.699Z - debug:  
2020-11-02T03:35:29.511Z - debug:  
2020-11-02T03:35:29.511Z - debug:  
2020-11-02T03:35:29.511Z - debug:  
2020-11-02T03:35:56.552Z - debug:  
2020-11-02T03:36:11.655Z - debug:  
2020-11-02T03:36:11.655Z - debug:  
2020-11-02T03:36:20.789Z - info: Pages built
2020-11-02T03:36:45.430Z - info: Website generation complete! Total build time: 246.056s
2020-11-02T03:36:45.432Z - info: Build success!
2020-11-02T03:36:45.433Z - debug:  
2020-11-02T03:36:45.436Z - info: Site data built
2020-11-02T03:37:21.616Z - info: Deployed!
