2020-09-07T03:00:15.313Z - info: Website generation started at 11:00:02 AM
2020-09-07T03:00:25.337Z - info: Building assets...
2020-09-07T03:00:31.855Z - info: Assets built
2020-09-07T03:00:31.856Z - info: Generating pages...
2020-09-07T03:00:53.743Z - debug: The process cannot access the file because it is being used by another process.

2020-09-07T03:00:53.745Z - debug:  
2020-09-07T03:00:53.745Z - debug:  
2020-09-07T03:00:53.746Z - debug:  
2020-09-07T03:00:53.746Z - debug:  
2020-09-07T03:00:57.780Z - debug:  
2020-09-07T03:00:58.442Z - debug:  
2020-09-07T03:00:59.578Z - debug:  
2020-09-07T03:01:00.062Z - debug:  
2020-09-07T03:01:05.432Z - debug: The process cannot access the file because it is being used by another process.

2020-09-07T03:01:05.432Z - debug: The process cannot access the file because it is being used by another process.

2020-09-07T03:01:05.433Z - debug:  
2020-09-07T03:01:05.433Z - debug:  
2020-09-07T03:01:07.610Z - debug: The process cannot access the file because it is being used by another process.

2020-09-07T03:01:07.613Z - debug: The process cannot access the file because it is being used by another process.

2020-09-07T03:01:08.545Z - debug: The process cannot access the file because it is being used by another process.

2020-09-07T03:01:08.545Z - debug: The process cannot access the file because it is being used by another process.

2020-09-07T03:01:08.545Z - debug:  
2020-09-07T03:01:08.760Z - debug:  
2020-09-07T03:01:13.257Z - debug:  
2020-09-07T03:01:13.451Z - debug:  
2020-09-07T03:01:46.947Z - debug: The process cannot access the file because it is being used by another process.

2020-09-07T03:01:46.949Z - debug: The process cannot access the file because it is being used by another process.

2020-09-07T03:01:49.878Z - debug: The process cannot access the file because it is being used by another process.

2020-09-07T03:01:49.879Z - debug: The process cannot access the file because it is being used by another process.

2020-09-07T03:01:52.686Z - debug:  
2020-09-07T03:01:52.687Z - debug:  
2020-09-07T03:01:58.397Z - debug:  
2020-09-07T03:01:58.398Z - debug:  
2020-09-07T03:02:08.138Z - debug: The process cannot access the file because it is being used by another process.

2020-09-07T03:02:11.257Z - debug: The process cannot access the file because it is being used by another process.

2020-09-07T03:02:12.203Z - debug:  
2020-09-07T03:02:47.217Z - debug:  
2020-09-07T03:02:47.394Z - debug:  
2020-09-07T03:02:47.752Z - debug:  
2020-09-07T03:02:47.752Z - debug:  
2020-09-07T03:02:54.234Z - debug:  
2020-09-07T03:02:56.515Z - debug:  
2020-09-07T03:03:05.542Z - debug:  
2020-09-07T03:03:12.350Z - debug:  
2020-09-07T03:03:12.352Z - debug:  
2020-09-07T03:03:12.353Z - debug:  
2020-09-07T03:03:12.353Z - debug:  
2020-09-07T03:03:24.719Z - debug:  
2020-09-07T03:03:24.720Z - debug:  
2020-09-07T03:03:32.450Z - debug:  
2020-09-07T03:04:31.665Z - debug:  
2020-09-07T03:04:31.666Z - debug:  
2020-09-07T03:04:31.667Z - debug:  
2020-09-07T03:05:21.177Z - debug:  
2020-09-07T03:05:46.697Z - debug:  
2020-09-07T03:05:46.697Z - debug:  
2020-09-07T03:06:05.394Z - info: Pages built
2020-09-07T03:06:57.388Z - info: Website generation complete! Total build time: 414.979s
2020-09-07T03:06:58.600Z - info: Serving "D:\Teaching\CS2113\AY2021S1\website\_site" at http://127.0.0.1:8080
2020-09-07T03:06:58.601Z - info: Press CTRL+C to stop ...
2020-09-07T03:06:58.602Z - debug:  
2020-09-07T03:06:58.770Z - info: Site data built
2020-09-07T03:11:16.057Z - info: [11:11:16 AM] Reload for file change: D:\Teaching\CS2113\AY2021S1\website\admin\tp-constraints.md
2020-09-07T03:11:17.074Z - info: Rebuilding 9 pages
2020-09-07T03:11:35.622Z - info: Pages rebuilt
2020-09-07T03:11:35.624Z - info: Website regeneration complete! Total build time: 18.556s
2020-09-07T03:11:35.681Z - info: Site data built
2020-09-07T03:14:16.988Z - info: [11:14:16 AM] Reload for file change: D:\Teaching\CS2113\AY2021S1\website\admin\tp-constraints.md
2020-09-07T03:14:17.996Z - info: Rebuilding 9 pages
2020-09-07T03:14:36.474Z - info: Pages rebuilt
2020-09-07T03:14:36.475Z - info: Website regeneration complete! Total build time: 18.484s
2020-09-07T03:14:36.509Z - info: Site data built
2020-09-07T04:15:40.959Z - info: Website generation started at 12:15:29 PM
2020-09-07T04:15:51.055Z - info: Building assets...
2020-09-07T04:15:57.181Z - info: Assets built
2020-09-07T04:15:57.183Z - info: Generating pages...
2020-09-07T04:16:17.270Z - debug: The process cannot access the file because it is being used by another process.

2020-09-07T04:16:17.272Z - debug: The process cannot access the file because it is being used by another process.

2020-09-07T04:16:20.909Z - debug:  
2020-09-07T04:16:20.909Z - debug:  
2020-09-07T04:16:20.910Z - debug:  
2020-09-07T04:16:20.910Z - debug:  
2020-09-07T04:16:22.744Z - debug:  
2020-09-07T04:16:24.506Z - debug:  
2020-09-07T04:16:25.565Z - debug:  
2020-09-07T04:16:29.126Z - debug: The process cannot access the file because it is being used by another process.

2020-09-07T04:16:29.127Z - debug: The process cannot access the file because it is being used by another process.

2020-09-07T04:16:29.128Z - debug:  
2020-09-07T04:16:29.128Z - debug:  
2020-09-07T04:16:31.369Z - debug: The process cannot access the file because it is being used by another process.

2020-09-07T04:16:31.370Z - debug: The process cannot access the file because it is being used by another process.

2020-09-07T04:16:32.174Z - debug: The process cannot access the file because it is being used by another process.

2020-09-07T04:16:32.175Z - debug: The process cannot access the file because it is being used by another process.

2020-09-07T04:16:32.402Z - debug:  
2020-09-07T04:16:32.403Z - debug: The process cannot access the file because it is being used by another process.

2020-09-07T04:16:32.462Z - debug:  
2020-09-07T04:16:36.293Z - debug:  
2020-09-07T04:17:12.315Z - debug: The process cannot access the file because it is being used by another process.

2020-09-07T04:17:12.315Z - debug: The process cannot access the file because it is being used by another process.

2020-09-07T04:17:14.597Z - debug: The process cannot access the file because it is being used by another process.

2020-09-07T04:17:14.598Z - debug: The process cannot access the file because it is being used by another process.

2020-09-07T04:17:15.093Z - debug:  
2020-09-07T04:17:17.326Z - debug:  
2020-09-07T04:17:20.654Z - debug:  
2020-09-07T04:17:21.573Z - debug:  
2020-09-07T04:17:31.969Z - debug: The process cannot access the file because it is being used by another process.

2020-09-07T04:17:34.451Z - debug: The process cannot access the file because it is being used by another process.

2020-09-07T04:17:35.505Z - debug:  
2020-09-07T04:18:10.391Z - debug:  
2020-09-07T04:18:10.392Z - debug:  
2020-09-07T04:18:10.392Z - debug:  
2020-09-07T04:18:10.555Z - debug:  
2020-09-07T04:18:17.118Z - debug:  
2020-09-07T04:18:19.213Z - debug:  
2020-09-07T04:18:25.306Z - debug:  
2020-09-07T04:18:30.354Z - debug:  
2020-09-07T04:18:30.355Z - debug:  
2020-09-07T04:18:30.357Z - debug:  
2020-09-07T04:18:30.358Z - debug:  
2020-09-07T04:18:41.615Z - debug:  
2020-09-07T04:18:41.978Z - debug:  
2020-09-07T04:18:50.452Z - debug:  
2020-09-07T04:19:38.031Z - debug:  
2020-09-07T04:19:38.032Z - debug:  
2020-09-07T04:19:38.033Z - debug:  
2020-09-07T04:20:22.407Z - debug:  
2020-09-07T04:20:45.473Z - debug:  
2020-09-07T04:20:45.476Z - debug:  
2020-09-07T04:21:02.083Z - info: Pages built
2020-09-07T04:21:47.959Z - info: Website generation complete! Total build time: 378.536s
2020-09-07T04:21:47.964Z - info: Build success!
2020-09-07T04:21:47.965Z - debug:  
2020-09-07T04:21:47.969Z - info: Site data built
2020-09-07T04:23:11.239Z - info: Deployed!
