2020-08-09T11:43:39.157Z - info: Website generation started at 7:43:28 PM
2020-08-09T11:43:48.918Z - info: Building assets...
2020-08-09T11:43:54.918Z - info: Assets built
2020-08-09T11:43:54.919Z - info: Generating pages...
2020-08-09T11:44:12.575Z - debug: The process cannot access the file because it is being used by another process.

2020-08-09T11:44:12.594Z - debug: The process cannot access the file because it is being used by another process.

2020-08-09T11:44:12.595Z - debug:  
2020-08-09T11:44:12.595Z - debug:  
2020-08-09T11:44:12.596Z - debug:  
2020-08-09T11:44:12.596Z - debug:  
2020-08-09T11:44:17.395Z - debug:  
2020-08-09T11:44:18.658Z - debug:  
2020-08-09T11:44:18.947Z - debug:  
2020-08-09T11:44:24.963Z - debug: The process cannot access the file because it is being used by another process.

2020-08-09T11:44:24.965Z - debug: The process cannot access the file because it is being used by another process.

2020-08-09T11:44:24.965Z - debug:  
2020-08-09T11:44:24.966Z - debug:  
2020-08-09T11:44:26.941Z - debug: The process cannot access the file because it is being used by another process.

2020-08-09T11:44:26.941Z - debug: The process cannot access the file because it is being used by another process.

2020-08-09T11:44:27.636Z - debug:  
2020-08-09T11:44:27.850Z - debug: The process cannot access the file because it is being used by another process.

2020-08-09T11:44:28.073Z - debug:  
2020-08-09T11:44:28.073Z - debug: The process cannot access the file because it is being used by another process.

2020-08-09T11:44:32.483Z - debug:  
2020-08-09T11:44:32.483Z - debug:  
2020-08-09T11:45:09.467Z - debug: The process cannot access the file because it is being used by another process.

2020-08-09T11:45:09.469Z - debug: The process cannot access the file because it is being used by another process.

2020-08-09T11:45:12.088Z - debug: The process cannot access the file because it is being used by another process.

2020-08-09T11:45:12.089Z - debug: The process cannot access the file because it is being used by another process.

2020-08-09T11:45:12.157Z - debug:  
2020-08-09T11:45:15.066Z - debug:  
2020-08-09T11:45:17.875Z - debug:  
2020-08-09T11:45:18.212Z - debug:  
2020-08-09T11:45:29.348Z - debug: The process cannot access the file because it is being used by another process.

2020-08-09T11:45:31.972Z - debug: The process cannot access the file because it is being used by another process.

2020-08-09T11:45:33.230Z - debug:  
2020-08-09T11:46:06.641Z - debug:  
2020-08-09T11:46:06.795Z - debug:  
2020-08-09T11:46:06.795Z - debug:  
2020-08-09T11:46:07.057Z - debug:  
2020-08-09T11:46:12.849Z - debug:  
2020-08-09T11:46:14.611Z - debug:  
2020-08-09T11:46:19.953Z - debug:  
2020-08-09T11:46:25.397Z - debug:  
2020-08-09T11:46:25.398Z - debug:  
2020-08-09T11:46:25.398Z - debug:  
2020-08-09T11:46:25.399Z - debug:  
2020-08-09T11:46:38.326Z - debug:  
2020-08-09T11:46:38.327Z - debug:  
2020-08-09T11:46:45.041Z - debug:  
2020-08-09T11:47:27.699Z - debug:  
2020-08-09T11:47:27.699Z - debug:  
2020-08-09T11:47:27.699Z - debug:  
2020-08-09T11:47:57.665Z - debug:  
2020-08-09T11:48:14.758Z - debug:  
2020-08-09T11:48:14.759Z - debug:  
2020-08-09T11:48:26.591Z - info: Pages built
2020-08-09T11:49:11.547Z - info: Website generation complete! Total build time: 343.545s
2020-08-09T11:49:11.551Z - info: Build success!
2020-08-09T11:49:11.551Z - debug:  
2020-08-09T11:49:11.556Z - info: Site data built
2020-08-09T11:51:17.766Z - info: Website generation started at 7:51:08 PM
2020-08-09T11:51:26.445Z - info: Building assets...
