2020-10-17T12:43:19.669Z - info: Website generation started at 8:43:14 PM
2020-10-17T12:43:24.425Z - info: Building assets...
2020-10-17T12:43:27.662Z - info: Assets built
2020-10-17T12:43:27.663Z - info: Generating pages...
2020-10-17T12:43:40.885Z - debug: The process cannot access the file because it is being used by another process.

2020-10-17T12:43:40.886Z - debug: The process cannot access the file because it is being used by another process.

2020-10-17T12:43:40.886Z - debug:  
2020-10-17T12:43:40.886Z - debug:  
2020-10-17T12:43:40.887Z - debug:  
2020-10-17T12:43:40.887Z - debug:  
2020-10-17T12:43:40.887Z - debug:  
2020-10-17T12:43:43.615Z - debug:  
2020-10-17T12:43:45.308Z - debug:  
2020-10-17T12:43:45.574Z - debug:  
2020-10-17T12:43:49.531Z - debug: The process cannot access the file because it is being used by another process.

2020-10-17T12:43:49.532Z - debug: The process cannot access the file because it is being used by another process.

2020-10-17T12:43:49.532Z - debug:  
2020-10-17T12:43:49.533Z - debug:  
2020-10-17T12:43:51.593Z - debug: The process cannot access the file because it is being used by another process.

2020-10-17T12:43:51.593Z - debug: The process cannot access the file because it is being used by another process.

2020-10-17T12:43:52.256Z - debug:  
2020-10-17T12:43:52.256Z - debug: The process cannot access the file because it is being used by another process.

2020-10-17T12:43:52.395Z - debug: The process cannot access the file because it is being used by another process.

2020-10-17T12:43:52.395Z - debug: The process cannot access the file because it is being used by another process.

2020-10-17T12:43:52.395Z - debug:  
2020-10-17T12:43:54.834Z - debug:  
2020-10-17T12:44:09.771Z - debug: The process cannot access the file because it is being used by another process.

2020-10-17T12:44:09.774Z - debug: The process cannot access the file because it is being used by another process.

2020-10-17T12:44:11.043Z - debug: The process cannot access the file because it is being used by another process.

2020-10-17T12:44:11.408Z - debug:  
2020-10-17T12:44:12.908Z - debug: The process cannot access the file because it is being used by another process.

2020-10-17T12:44:14.135Z - debug: The process cannot access the file because it is being used by another process.

2020-10-17T12:44:15.774Z - debug: The process cannot access the file because it is being used by another process.

2020-10-17T12:44:15.774Z - debug:  
2020-10-17T12:44:18.266Z - debug: The process cannot access the file because it is being used by another process.

2020-10-17T12:44:18.268Z - debug: The process cannot access the file because it is being used by another process.

2020-10-17T12:44:20.717Z - debug: The process cannot access the file because it is being used by another process.

2020-10-17T12:44:20.717Z - debug: The process cannot access the file because it is being used by another process.

2020-10-17T12:44:22.328Z - debug:  
2020-10-17T12:44:22.330Z - debug:  
2020-10-17T12:44:25.115Z - debug:  
2020-10-17T12:44:25.165Z - debug:  
2020-10-17T12:44:30.753Z - debug: The process cannot access the file because it is being used by another process.

2020-10-17T12:44:32.757Z - debug: The process cannot access the file because it is being used by another process.

2020-10-17T12:44:33.794Z - debug:  
2020-10-17T12:44:54.743Z - debug:  
2020-10-17T12:44:54.878Z - debug:  
2020-10-17T12:44:55.035Z - debug:  
2020-10-17T12:44:55.035Z - debug:  
2020-10-17T12:45:01.310Z - debug:  
2020-10-17T12:45:01.312Z - debug:  
2020-10-17T12:45:02.834Z - debug:  
2020-10-17T12:45:08.729Z - debug:  
2020-10-17T12:45:12.422Z - debug:  
2020-10-17T12:45:12.423Z - debug:  
2020-10-17T12:45:12.423Z - debug:  
2020-10-17T12:45:13.029Z - debug:  
2020-10-17T12:45:19.575Z - debug:  
2020-10-17T12:45:21.379Z - debug:  
2020-10-17T12:45:21.379Z - debug:  
2020-10-17T12:45:25.941Z - debug:  
2020-10-17T12:45:42.992Z - debug:  
2020-10-17T12:45:54.172Z - debug:  
2020-10-17T12:45:54.173Z - debug:  
2020-10-17T12:45:55.998Z - debug:  
2020-10-17T12:46:19.169Z - debug:  
2020-10-17T12:46:33.123Z - debug:  
2020-10-17T12:46:33.125Z - debug:  
2020-10-17T12:46:44.248Z - info: Pages built
2020-10-17T12:47:13.103Z - info: Website generation complete! Total build time: 238.877s
2020-10-17T12:47:13.778Z - info: Serving "D:\Teaching\CS2113\AY2021S1\website\_site" at http://127.0.0.1:8080
2020-10-17T12:47:13.778Z - info: Press CTRL+C to stop ...
2020-10-17T12:47:13.849Z - debug:  
2020-10-17T12:47:13.853Z - info: Site data built
2020-10-17T12:52:22.925Z - info: [8:52:22 PM] Reload for file change: D:\Teaching\CS2113\AY2021S1\website\admin\tp-tasks.mbdf
2020-10-17T12:52:23.935Z - info: Rebuilding 47 pages
2020-10-17T12:52:39.621Z - debug:  
2020-10-17T12:52:39.621Z - debug:  
2020-10-17T12:53:07.851Z - info: Pages rebuilt
2020-10-17T12:53:07.852Z - info: Website regeneration complete! Total build time: 43.922s
2020-10-17T12:53:07.861Z - info: Site data built
2020-10-17T12:53:57.234Z - info: [8:53:57 PM] Reload for file change: D:\Teaching\CS2113\AY2021S1\website\admin\tp-tasks.mbdf
2020-10-17T12:53:58.238Z - info: Rebuilding 47 pages
2020-10-17T12:54:11.398Z - debug:  
2020-10-17T12:54:11.399Z - debug:  
2020-10-17T12:54:43.526Z - info: Pages rebuilt
2020-10-17T12:54:43.526Z - info: Website regeneration complete! Total build time: 45.289s
2020-10-17T12:54:43.538Z - info: Site data built
2020-10-17T12:59:43.478Z - info: Website generation started at 8:59:38 PM
2020-10-17T12:59:47.439Z - info: Building assets...
