2020-10-12T03:17:49.596Z - info: Website generation started at 11:17:42 AM
2020-10-12T03:17:54.376Z - info: Building assets...
2020-10-12T03:17:57.774Z - info: Assets built
2020-10-12T03:17:57.775Z - info: Generating pages...
2020-10-12T03:18:13.167Z - debug:  
2020-10-12T03:18:13.168Z - debug:  
2020-10-12T03:18:13.169Z - debug:  
2020-10-12T03:18:13.170Z - debug:  
2020-10-12T03:18:13.170Z - debug:  
2020-10-12T03:18:22.791Z - debug:  
2020-10-12T03:18:22.793Z - debug: The process cannot access the file because it is being used by another process.

2020-10-12T03:18:22.795Z - debug: The process cannot access the file because it is being used by another process.

2020-10-12T03:18:22.962Z - debug:  
2020-10-12T03:18:23.231Z - debug:  
2020-10-12T03:18:23.231Z - debug:  
2020-10-12T03:18:23.231Z - debug:  
2020-10-12T03:18:29.892Z - debug: The process cannot access the file because it is being used by another process.

2020-10-12T03:18:29.893Z - debug: The process cannot access the file because it is being used by another process.

2020-10-12T03:18:30.311Z - debug:  
2020-10-12T03:18:30.436Z - debug:  
2020-10-12T03:18:30.815Z - debug:  
2020-10-12T03:18:30.815Z - debug:  
2020-10-12T03:18:30.816Z - debug: The process cannot access the file because it is being used by another process.

2020-10-12T03:18:30.816Z - debug: The process cannot access the file because it is being used by another process.

2020-10-12T03:18:34.436Z - debug:  
2020-10-12T03:18:34.437Z - debug:  
2020-10-12T03:18:48.453Z - debug: The process cannot access the file because it is being used by another process.

2020-10-12T03:18:49.261Z - debug: The process cannot access the file because it is being used by another process.

2020-10-12T03:18:50.461Z - debug: The process cannot access the file because it is being used by another process.

2020-10-12T03:18:50.891Z - debug:  
2020-10-12T03:18:51.797Z - debug: The process cannot access the file because it is being used by another process.

2020-10-12T03:18:52.701Z - debug: The process cannot access the file because it is being used by another process.

2020-10-12T03:18:54.430Z - debug: The process cannot access the file because it is being used by another process.

2020-10-12T03:18:54.431Z - debug:  
2020-10-12T03:18:57.289Z - debug: The process cannot access the file because it is being used by another process.

2020-10-12T03:18:57.291Z - debug: The process cannot access the file because it is being used by another process.

2020-10-12T03:18:59.862Z - debug: The process cannot access the file because it is being used by another process.

2020-10-12T03:18:59.862Z - debug: The process cannot access the file because it is being used by another process.

2020-10-12T03:19:03.078Z - debug:  
2020-10-12T03:19:03.079Z - debug:  
2020-10-12T03:19:07.191Z - debug:  
2020-10-12T03:19:07.191Z - debug:  
2020-10-12T03:19:15.791Z - debug: The process cannot access the file because it is being used by another process.

2020-10-12T03:19:18.257Z - debug: The process cannot access the file because it is being used by another process.

2020-10-12T03:19:19.212Z - debug:  
2020-10-12T03:19:42.443Z - debug:  
2020-10-12T03:19:42.594Z - debug:  
2020-10-12T03:19:42.694Z - debug:  
2020-10-12T03:19:42.962Z - debug:  
2020-10-12T03:19:49.152Z - debug:  
2020-10-12T03:19:49.154Z - debug:  
2020-10-12T03:19:50.482Z - debug:  
2020-10-12T03:20:08.978Z - debug:  
2020-10-12T03:20:09.610Z - debug:  
2020-10-12T03:20:09.610Z - debug:  
2020-10-12T03:20:09.610Z - debug:  
2020-10-12T03:20:09.611Z - debug:  
2020-10-12T03:20:18.329Z - debug:  
2020-10-12T03:20:19.700Z - debug:  
2020-10-12T03:20:20.045Z - debug:  
2020-10-12T03:20:24.962Z - debug:  
2020-10-12T03:20:44.339Z - debug:  
2020-10-12T03:20:53.735Z - debug:  
2020-10-12T03:20:53.736Z - debug:  
2020-10-12T03:20:53.736Z - debug:  
2020-10-12T03:21:17.206Z - debug:  
2020-10-12T03:21:29.793Z - debug:  
2020-10-12T03:21:29.794Z - debug:  
2020-10-12T03:21:39.045Z - info: Pages built
2020-10-12T03:22:03.795Z - info: Website generation complete! Total build time: 260.898s
2020-10-12T03:22:03.797Z - info: Build success!
2020-10-12T03:22:03.797Z - debug:  
2020-10-12T03:22:03.800Z - info: Site data built
2020-10-12T03:22:42.388Z - info: Deployed!
