2020-10-19T04:30:18.057Z - info: Website generation started at 12:30:13 PM
2020-10-19T04:30:22.294Z - info: Building assets...
2020-10-19T04:30:25.073Z - info: Assets built
2020-10-19T04:30:25.074Z - info: Generating pages...
2020-10-19T04:30:40.830Z - debug: The process cannot access the file because it is being used by another process.

2020-10-19T04:30:40.831Z - debug: The process cannot access the file because it is being used by another process.

2020-10-19T04:30:40.831Z - debug:  
2020-10-19T04:30:40.831Z - debug:  
2020-10-19T04:30:40.831Z - debug:  
2020-10-19T04:30:40.832Z - debug:  
2020-10-19T04:30:40.832Z - debug:  
2020-10-19T04:30:43.194Z - debug:  
2020-10-19T04:30:45.580Z - debug:  
2020-10-19T04:30:45.580Z - debug:  
2020-10-19T04:30:49.449Z - debug: The process cannot access the file because it is being used by another process.

2020-10-19T04:30:49.450Z - debug: The process cannot access the file because it is being used by another process.

2020-10-19T04:30:49.533Z - debug:  
2020-10-19T04:30:51.881Z - debug: The process cannot access the file because it is being used by another process.

2020-10-19T04:30:51.881Z - debug: The process cannot access the file because it is being used by another process.

2020-10-19T04:30:51.882Z - debug:  
2020-10-19T04:30:52.903Z - debug: The process cannot access the file because it is being used by another process.

2020-10-19T04:30:52.904Z - debug: The process cannot access the file because it is being used by another process.

2020-10-19T04:30:52.904Z - debug: The process cannot access the file because it is being used by another process.

2020-10-19T04:30:52.905Z - debug: The process cannot access the file because it is being used by another process.

2020-10-19T04:30:53.106Z - debug:  
2020-10-19T04:30:53.106Z - debug:  
2020-10-19T04:31:07.271Z - debug: The process cannot access the file because it is being used by another process.

2020-10-19T04:31:08.091Z - debug: The process cannot access the file because it is being used by another process.

2020-10-19T04:31:09.355Z - debug: The process cannot access the file because it is being used by another process.

2020-10-19T04:31:09.852Z - debug:  
2020-10-19T04:31:10.952Z - debug: The process cannot access the file because it is being used by another process.

2020-10-19T04:31:11.908Z - debug: The process cannot access the file because it is being used by another process.

2020-10-19T04:31:13.471Z - debug: The process cannot access the file because it is being used by another process.

2020-10-19T04:31:13.471Z - debug:  
2020-10-19T04:31:16.298Z - debug: The process cannot access the file because it is being used by another process.

2020-10-19T04:31:16.299Z - debug: The process cannot access the file because it is being used by another process.

2020-10-19T04:31:18.968Z - debug: The process cannot access the file because it is being used by another process.

2020-10-19T04:31:18.968Z - debug: The process cannot access the file because it is being used by another process.

2020-10-19T04:31:21.359Z - debug:  
2020-10-19T04:31:21.360Z - debug:  
2020-10-19T04:31:23.611Z - debug:  
2020-10-19T04:31:23.741Z - debug:  
2020-10-19T04:31:28.523Z - debug: The process cannot access the file because it is being used by another process.

2020-10-19T04:31:30.439Z - debug: The process cannot access the file because it is being used by another process.

2020-10-19T04:31:31.234Z - debug:  
2020-10-19T04:31:53.574Z - debug:  
2020-10-19T04:31:53.575Z - debug:  
2020-10-19T04:31:53.575Z - debug:  
2020-10-19T04:31:53.575Z - debug:  
2020-10-19T04:31:58.600Z - debug:  
2020-10-19T04:31:58.865Z - debug:  
2020-10-19T04:31:59.966Z - debug:  
2020-10-19T04:32:07.529Z - debug:  
2020-10-19T04:32:08.012Z - debug:  
2020-10-19T04:32:08.012Z - debug:  
2020-10-19T04:32:08.012Z - debug:  
2020-10-19T04:32:08.012Z - debug:  
2020-10-19T04:32:15.053Z - debug:  
2020-10-19T04:32:16.783Z - debug:  
2020-10-19T04:32:16.785Z - debug:  
2020-10-19T04:32:21.625Z - debug:  
2020-10-19T04:32:40.585Z - debug:  
2020-10-19T04:32:50.596Z - debug:  
2020-10-19T04:32:50.597Z - debug:  
2020-10-19T04:32:50.598Z - debug:  
2020-10-19T04:33:18.002Z - debug:  
2020-10-19T04:33:31.485Z - debug:  
2020-10-19T04:33:31.799Z - debug:  
2020-10-19T04:33:43.454Z - info: Pages built
2020-10-19T04:34:09.638Z - info: Website generation complete! Total build time: 236.317s
2020-10-19T04:34:09.640Z - info: Build success!
2020-10-19T04:34:09.640Z - debug:  
2020-10-19T04:34:09.648Z - info: Site data built
2020-10-19T04:34:52.049Z - info: Deployed!
2020-10-19T11:52:07.862Z - info: Website generation started at 7:52:02 PM
2020-10-19T11:52:12.579Z - info: Building assets...
2020-10-19T11:52:15.705Z - info: Assets built
2020-10-19T11:52:15.706Z - info: Generating pages...
2020-10-19T11:52:29.133Z - debug: The process cannot access the file because it is being used by another process.

2020-10-19T11:52:29.134Z - debug: The process cannot access the file because it is being used by another process.

2020-10-19T11:52:30.829Z - debug: The process cannot access the file because it is being used by another process.

2020-10-19T11:52:30.829Z - debug:  
2020-10-19T11:52:30.829Z - debug:  
2020-10-19T11:52:30.830Z - debug: The process cannot access the file because it is being used by another process.

2020-10-19T11:52:30.830Z - debug:  
2020-10-19T11:52:30.831Z - debug:  
2020-10-19T11:52:30.831Z - debug:  
2020-10-19T11:52:31.537Z - debug:  
2020-10-19T11:52:35.632Z - debug: The process cannot access the file because it is being used by another process.

2020-10-19T11:52:35.633Z - debug: The process cannot access the file because it is being used by another process.

2020-10-19T11:52:35.633Z - debug:  
2020-10-19T11:52:35.633Z - debug:  
2020-10-19T11:52:37.663Z - debug: The process cannot access the file because it is being used by another process.

2020-10-19T11:52:37.664Z - debug: The process cannot access the file because it is being used by another process.

2020-10-19T11:52:38.203Z - debug: The process cannot access the file because it is being used by another process.

2020-10-19T11:52:38.203Z - debug: The process cannot access the file because it is being used by another process.

2020-10-19T11:52:38.392Z - debug:  
2020-10-19T11:52:38.393Z - debug:  
2020-10-19T11:52:42.146Z - debug:  
2020-10-19T11:52:42.146Z - debug:  
2020-10-19T11:52:54.698Z - debug: The process cannot access the file because it is being used by another process.

2020-10-19T11:52:55.278Z - debug: The process cannot access the file because it is being used by another process.

2020-10-19T11:52:56.650Z - debug: The process cannot access the file because it is being used by another process.

2020-10-19T11:52:57.253Z - debug:  
2020-10-19T11:52:57.863Z - debug: The process cannot access the file because it is being used by another process.

2020-10-19T11:52:58.828Z - debug: The process cannot access the file because it is being used by another process.

2020-10-19T11:52:59.989Z - debug: The process cannot access the file because it is being used by another process.

2020-10-19T11:52:59.990Z - debug:  
2020-10-19T11:53:02.711Z - debug: The process cannot access the file because it is being used by another process.

2020-10-19T11:53:02.712Z - debug: The process cannot access the file because it is being used by another process.

2020-10-19T11:53:05.215Z - debug: The process cannot access the file because it is being used by another process.

2020-10-19T11:53:05.216Z - debug: The process cannot access the file because it is being used by another process.

2020-10-19T11:53:08.177Z - debug:  
2020-10-19T11:53:08.189Z - debug:  
2020-10-19T11:53:10.700Z - debug:  
2020-10-19T11:53:11.017Z - debug:  
2020-10-19T11:53:16.439Z - debug: The process cannot access the file because it is being used by another process.

2020-10-19T11:53:18.409Z - debug: The process cannot access the file because it is being used by another process.

2020-10-19T11:53:19.068Z - debug:  
2020-10-19T11:53:40.894Z - debug:  
2020-10-19T11:53:40.895Z - debug:  
2020-10-19T11:53:40.896Z - debug:  
2020-10-19T11:53:41.038Z - debug:  
2020-10-19T11:53:46.921Z - debug:  
2020-10-19T11:53:48.270Z - debug:  
2020-10-19T11:53:48.271Z - debug:  
2020-10-19T11:53:54.755Z - debug:  
2020-10-19T11:53:58.040Z - debug:  
2020-10-19T11:53:58.041Z - debug:  
2020-10-19T11:53:58.042Z - debug:  
2020-10-19T11:53:58.541Z - debug:  
2020-10-19T11:54:07.969Z - debug:  
2020-10-19T11:54:07.971Z - debug:  
2020-10-19T11:54:07.974Z - debug:  
2020-10-19T11:54:13.549Z - debug:  
2020-10-19T11:54:37.703Z - debug:  
2020-10-19T11:54:51.649Z - debug:  
2020-10-19T11:54:51.649Z - debug:  
2020-10-19T11:54:51.649Z - debug:  
2020-10-19T11:55:18.566Z - debug:  
2020-10-19T11:55:32.965Z - debug:  
2020-10-19T11:55:32.965Z - debug:  
2020-10-19T11:55:43.170Z - info: Pages built
2020-10-19T11:56:11.183Z - info: Website generation complete! Total build time: 248.541s
2020-10-19T11:56:11.184Z - info: Build success!
2020-10-19T11:56:11.187Z - debug:  
2020-10-19T11:56:11.191Z - info: Site data built
2020-10-19T11:58:35.972Z - info: Deployed!
