2020-11-10T14:24:46.503Z - info: Website generation started at 10:24:35 PM
2020-11-10T14:24:57.463Z - info: Building assets...
2020-11-10T14:25:05.391Z - info: Assets built
2020-11-10T14:25:05.392Z - info: Generating pages...
2020-11-10T14:25:25.288Z - debug: The process cannot access the file because it is being used by another process.

2020-11-10T14:25:25.289Z - debug: The process cannot access the file because it is being used by another process.

2020-11-10T14:25:29.944Z - debug:  
2020-11-10T14:25:29.945Z - debug:  
2020-11-10T14:25:29.945Z - debug:  
2020-11-10T14:25:29.947Z - debug:  
2020-11-10T14:25:29.948Z - debug:  
2020-11-10T14:25:33.152Z - debug:  
2020-11-10T14:25:39.931Z - debug:  
2020-11-10T14:25:39.931Z - debug:  
2020-11-10T14:25:39.932Z - debug: The process cannot access the file because it is being used by another process.

2020-11-10T14:25:39.933Z - debug: The process cannot access the file because it is being used by another process.

2020-11-10T14:25:39.933Z - debug:  
2020-11-10T14:25:39.933Z - debug:  
2020-11-10T14:25:42.117Z - debug: The process cannot access the file because it is being used by another process.

2020-11-10T14:25:42.118Z - debug: The process cannot access the file because it is being used by another process.

2020-11-10T14:25:43.092Z - debug: The process cannot access the file because it is being used by another process.

2020-11-10T14:25:43.092Z - debug: The process cannot access the file because it is being used by another process.

2020-11-10T14:25:43.295Z - debug:  
2020-11-10T14:25:43.295Z - debug: The process cannot access the file because it is being used by another process.

2020-11-10T14:25:43.564Z - debug:  
2020-11-10T14:25:47.251Z - debug:  
2020-11-10T14:26:12.297Z - debug: The process cannot access the file because it is being used by another process.

2020-11-10T14:26:15.027Z - debug: The process cannot access the file because it is being used by another process.

2020-11-10T14:26:15.772Z - debug: The process cannot access the file because it is being used by another process.

2020-11-10T14:26:16.402Z - debug:  
2020-11-10T14:26:18.042Z - debug: The process cannot access the file because it is being used by another process.

2020-11-10T14:26:19.476Z - debug: The process cannot access the file because it is being used by another process.

2020-11-10T14:26:21.797Z - debug: The process cannot access the file because it is being used by another process.

2020-11-10T14:26:21.798Z - debug:  
2020-11-10T14:26:26.861Z - debug: The process cannot access the file because it is being used by another process.

2020-11-10T14:26:26.862Z - debug: The process cannot access the file because it is being used by another process.

2020-11-10T14:26:30.567Z - debug: The process cannot access the file because it is being used by another process.

2020-11-10T14:26:30.568Z - debug: The process cannot access the file because it is being used by another process.

2020-11-10T14:26:30.951Z - debug:  
2020-11-10T14:26:33.153Z - debug:  
2020-11-10T14:26:37.052Z - debug:  
2020-11-10T14:26:37.052Z - debug:  
2020-11-10T14:26:47.339Z - debug: The process cannot access the file because it is being used by another process.

2020-11-10T14:26:50.056Z - debug: The process cannot access the file because it is being used by another process.

2020-11-10T14:26:51.042Z - debug:  
2020-11-10T14:27:29.343Z - debug:  
2020-11-10T14:27:29.840Z - debug:  
2020-11-10T14:27:30.101Z - debug:  
2020-11-10T14:27:30.261Z - debug:  
2020-11-10T14:27:38.947Z - debug:  
2020-11-10T14:27:39.298Z - debug:  
2020-11-10T14:27:39.716Z - debug:  
2020-11-10T14:27:53.401Z - debug:  
2020-11-10T14:27:54.753Z - debug:  
2020-11-10T14:27:54.754Z - debug:  
2020-11-10T14:27:54.754Z - debug:  
2020-11-10T14:27:54.953Z - debug:  
2020-11-10T14:28:09.567Z - debug:  
2020-11-10T14:28:09.569Z - debug:  
2020-11-10T14:28:09.997Z - debug:  
2020-11-10T14:28:18.071Z - debug:  
2020-11-10T14:28:49.964Z - debug:  
2020-11-10T14:29:07.741Z - debug:  
2020-11-10T14:29:07.742Z - debug:  
2020-11-10T14:29:11.398Z - debug:  
2020-11-10T14:29:57.528Z - debug:  
2020-11-10T14:30:22.641Z - debug:  
2020-11-10T14:30:22.641Z - debug:  
2020-11-10T14:30:43.704Z - info: Pages built
2020-11-10T14:31:33.080Z - info: Website generation complete! Total build time: 417.692s
2020-11-10T14:31:33.082Z - info: Build success!
2020-11-10T14:31:33.082Z - debug:  
2020-11-10T14:31:33.090Z - info: Site data built
2020-11-10T14:32:31.666Z - info: Deployed!
