2020-08-10T04:41:17.232Z - info: Website generation started at 12:41:08 PM
2020-08-10T04:41:26.099Z - info: Building assets...
2020-08-10T04:41:31.737Z - info: Assets built
2020-08-10T04:41:31.737Z - info: Generating pages...
2020-08-10T04:41:49.232Z - debug: The process cannot access the file because it is being used by another process.

2020-08-10T04:41:49.234Z - debug: The process cannot access the file because it is being used by another process.

2020-08-10T04:41:54.454Z - debug:  
2020-08-10T04:41:54.455Z - debug:  
2020-08-10T04:41:54.456Z - debug:  
2020-08-10T04:41:54.457Z - debug:  
2020-08-10T04:41:55.879Z - debug:  
2020-08-10T04:41:56.324Z - debug:  
2020-08-10T04:41:56.687Z - debug:  
2020-08-10T04:42:01.502Z - debug: The process cannot access the file because it is being used by another process.

2020-08-10T04:42:01.504Z - debug: The process cannot access the file because it is being used by another process.

2020-08-10T04:42:01.504Z - debug:  
2020-08-10T04:42:01.505Z - debug:  
2020-08-10T04:42:03.846Z - debug: The process cannot access the file because it is being used by another process.

2020-08-10T04:42:03.847Z - debug: The process cannot access the file because it is being used by another process.

2020-08-10T04:42:04.877Z - debug: The process cannot access the file because it is being used by another process.

2020-08-10T04:42:04.878Z - debug: The process cannot access the file because it is being used by another process.

2020-08-10T04:42:04.878Z - debug:  
2020-08-10T04:42:04.879Z - debug:  
2020-08-10T04:42:09.316Z - debug:  
2020-08-10T04:42:09.495Z - debug:  
2020-08-10T04:42:44.842Z - debug: The process cannot access the file because it is being used by another process.

2020-08-10T04:42:44.845Z - debug: The process cannot access the file because it is being used by another process.

2020-08-10T04:42:47.365Z - debug: The process cannot access the file because it is being used by another process.

2020-08-10T04:42:47.366Z - debug: The process cannot access the file because it is being used by another process.

2020-08-10T04:42:50.443Z - debug:  
2020-08-10T04:42:50.445Z - debug:  
2020-08-10T04:42:54.131Z - debug:  
2020-08-10T04:42:54.316Z - debug:  
2020-08-10T04:43:05.947Z - debug: The process cannot access the file because it is being used by another process.

2020-08-10T04:43:08.381Z - debug: The process cannot access the file because it is being used by another process.

2020-08-10T04:43:09.650Z - debug:  
2020-08-10T04:43:45.323Z - debug:  
2020-08-10T04:43:45.663Z - debug:  
2020-08-10T04:43:45.845Z - debug:  
2020-08-10T04:43:45.995Z - debug:  
2020-08-10T04:43:52.171Z - debug:  
2020-08-10T04:43:52.172Z - debug:  
2020-08-10T04:44:01.367Z - debug:  
2020-08-10T04:44:04.387Z - debug:  
2020-08-10T04:44:04.387Z - debug:  
2020-08-10T04:44:04.387Z - debug:  
2020-08-10T04:44:05.134Z - debug:  
2020-08-10T04:44:16.135Z - debug:  
2020-08-10T04:44:16.136Z - debug:  
2020-08-10T04:44:23.225Z - debug:  
2020-08-10T04:45:09.389Z - debug:  
2020-08-10T04:45:09.390Z - debug:  
2020-08-10T04:45:10.992Z - debug:  
2020-08-10T04:45:52.821Z - debug:  
2020-08-10T04:46:14.253Z - debug:  
2020-08-10T04:46:14.255Z - debug:  
2020-08-10T04:46:30.467Z - info: Pages built
2020-08-10T04:47:18.084Z - info: Website generation complete! Total build time: 369.932s
2020-08-10T04:47:19.205Z - info: Serving "D:\Teaching\CS2113\AY2021S1\website\_site" at http://127.0.0.1:8080
2020-08-10T04:47:19.206Z - info: Press CTRL+C to stop ...
2020-08-10T04:47:19.206Z - debug:  
2020-08-10T04:47:19.318Z - info: Site data built
2020-08-10T05:05:21.021Z - info: Website generation started at 1:05:11 PM
2020-08-10T05:05:29.158Z - info: Building assets...
2020-08-10T05:05:34.425Z - info: Assets built
2020-08-10T05:05:34.426Z - info: Generating pages...
2020-08-10T05:05:47.999Z - debug: The process cannot access the file because it is being used by another process.

2020-08-10T05:05:48.000Z - debug: The process cannot access the file because it is being used by another process.

2020-08-10T05:05:51.778Z - debug:  
2020-08-10T05:05:51.778Z - debug:  
2020-08-10T05:05:51.778Z - debug:  
2020-08-10T05:05:51.779Z - debug:  
2020-08-10T05:05:53.073Z - debug:  
2020-08-10T05:05:53.602Z - debug:  
2020-08-10T05:05:53.682Z - debug:  
2020-08-10T05:05:57.384Z - debug: The process cannot access the file because it is being used by another process.

2020-08-10T05:05:57.385Z - debug: The process cannot access the file because it is being used by another process.

2020-08-10T05:05:57.386Z - debug:  
2020-08-10T05:05:57.398Z - debug:  
2020-08-10T05:05:59.378Z - debug: The process cannot access the file because it is being used by another process.

2020-08-10T05:05:59.379Z - debug: The process cannot access the file because it is being used by another process.

2020-08-10T05:06:00.303Z - debug: The process cannot access the file because it is being used by another process.

2020-08-10T05:06:00.304Z - debug: The process cannot access the file because it is being used by another process.

2020-08-10T05:06:00.305Z - debug: The process cannot access the file because it is being used by another process.

2020-08-10T05:06:00.305Z - debug: The process cannot access the file because it is being used by another process.

2020-08-10T05:06:00.305Z - debug:  
2020-08-10T05:06:00.349Z - debug:  
2020-08-10T05:06:31.968Z - debug: The process cannot access the file because it is being used by another process.

2020-08-10T05:06:31.970Z - debug: The process cannot access the file because it is being used by another process.

2020-08-10T05:06:34.310Z - debug: The process cannot access the file because it is being used by another process.

2020-08-10T05:06:34.310Z - debug: The process cannot access the file because it is being used by another process.

2020-08-10T05:06:37.115Z - debug:  
2020-08-10T05:06:37.116Z - debug:  
2020-08-10T05:06:40.346Z - debug:  
2020-08-10T05:06:40.476Z - debug:  
2020-08-10T05:06:48.737Z - debug: The process cannot access the file because it is being used by another process.

2020-08-10T05:06:50.837Z - debug: The process cannot access the file because it is being used by another process.

2020-08-10T05:06:51.955Z - debug:  
2020-08-10T05:07:19.374Z - debug:  
2020-08-10T05:07:19.673Z - debug:  
2020-08-10T05:07:19.673Z - debug:  
2020-08-10T05:07:19.675Z - debug:  
2020-08-10T05:07:26.247Z - debug:  
2020-08-10T05:07:26.247Z - debug:  
2020-08-10T05:07:30.828Z - debug:  
2020-08-10T05:07:34.567Z - debug:  
2020-08-10T05:07:35.269Z - debug:  
2020-08-10T05:07:35.270Z - debug:  
2020-08-10T05:07:35.270Z - debug:  
2020-08-10T05:07:44.245Z - debug:  
2020-08-10T05:07:44.575Z - debug:  
2020-08-10T05:07:49.964Z - debug:  
2020-08-10T05:08:28.375Z - debug:  
2020-08-10T05:08:28.376Z - debug:  
2020-08-10T05:08:28.378Z - debug:  
2020-08-10T05:08:58.716Z - debug:  
2020-08-10T05:09:21.918Z - debug:  
2020-08-10T05:09:21.921Z - debug:  
2020-08-10T05:33:58.183Z - info: Pages built
2020-08-10T05:34:37.887Z - info: Website generation complete! Total build time: 1766.019s
2020-08-10T05:34:37.889Z - info: Build success!
2020-08-10T05:34:37.890Z - debug:  
2020-08-10T05:34:37.895Z - info: Site data built
2020-08-10T05:35:40.306Z - info: Deployed!
2020-08-10T05:54:09.596Z - info: Website generation started at 1:53:58 PM
2020-08-10T05:54:19.149Z - info: Building assets...
