2020-09-20T07:00:28.887Z - info: Website generation started at 3:00:23 PM
2020-09-20T07:00:33.544Z - info: Building assets...
2020-09-20T07:00:36.635Z - info: Assets built
2020-09-20T07:00:36.636Z - info: Generating pages...
2020-09-20T07:00:48.721Z - debug: The process cannot access the file because it is being used by another process.

2020-09-20T07:00:48.738Z - debug: The process cannot access the file because it is being used by another process.

2020-09-20T07:00:51.854Z - debug:  
2020-09-20T07:00:51.855Z - debug:  
2020-09-20T07:00:51.856Z - debug:  
2020-09-20T07:00:51.856Z - debug:  
2020-09-20T07:00:51.856Z - debug:  
2020-09-20T07:00:53.348Z - debug:  
2020-09-20T07:00:54.570Z - debug:  
2020-09-20T07:00:54.913Z - debug:  
2020-09-20T07:00:58.229Z - debug: The process cannot access the file because it is being used by another process.

2020-09-20T07:00:58.230Z - debug:  
2020-09-20T07:00:58.230Z - debug: The process cannot access the file because it is being used by another process.

2020-09-20T07:00:58.230Z - debug:  
2020-09-20T07:00:59.873Z - debug: The process cannot access the file because it is being used by another process.

2020-09-20T07:00:59.873Z - debug: The process cannot access the file because it is being used by another process.

2020-09-20T07:01:00.517Z - debug:  
2020-09-20T07:01:00.518Z - debug: The process cannot access the file because it is being used by another process.

2020-09-20T07:01:00.654Z - debug: The process cannot access the file because it is being used by another process.

2020-09-20T07:01:00.654Z - debug: The process cannot access the file because it is being used by another process.

2020-09-20T07:01:00.753Z - debug:  
2020-09-20T07:01:03.418Z - debug:  
2020-09-20T07:01:16.202Z - debug: The process cannot access the file because it is being used by another process.

2020-09-20T07:01:16.989Z - debug: The process cannot access the file because it is being used by another process.

2020-09-20T07:01:18.272Z - debug: The process cannot access the file because it is being used by another process.

2020-09-20T07:01:18.856Z - debug:  
2020-09-20T07:01:22.933Z - debug: The process cannot access the file because it is being used by another process.

2020-09-20T07:01:24.125Z - debug: The process cannot access the file because it is being used by another process.

2020-09-20T07:01:26.534Z - debug:  
2020-09-20T07:01:28.954Z - debug:  
2020-09-20T07:01:30.276Z - debug: The process cannot access the file because it is being used by another process.

2020-09-20T07:01:30.277Z - debug: The process cannot access the file because it is being used by another process.

2020-09-20T07:01:32.692Z - debug: The process cannot access the file because it is being used by another process.

2020-09-20T07:01:32.692Z - debug: The process cannot access the file because it is being used by another process.

2020-09-20T07:01:32.876Z - debug:  
2020-09-20T07:01:34.258Z - debug:  
2020-09-20T07:01:36.880Z - debug:  
2020-09-20T07:01:37.286Z - debug:  
2020-09-20T07:01:42.793Z - debug: The process cannot access the file because it is being used by another process.

2020-09-20T07:01:44.705Z - debug: The process cannot access the file because it is being used by another process.

2020-09-20T07:01:45.577Z - debug:  
2020-09-20T07:02:07.079Z - debug:  
2020-09-20T07:02:07.079Z - debug:  
2020-09-20T07:02:07.079Z - debug:  
2020-09-20T07:02:07.399Z - debug:  
2020-09-20T07:02:12.597Z - debug:  
2020-09-20T07:02:12.771Z - debug:  
2020-09-20T07:02:12.772Z - debug:  
2020-09-20T07:02:21.638Z - debug:  
2020-09-20T07:02:22.226Z - debug:  
2020-09-20T07:02:22.228Z - debug:  
2020-09-20T07:02:22.228Z - debug:  
2020-09-20T07:02:22.228Z - debug:  
2020-09-20T07:02:28.678Z - debug:  
2020-09-20T07:02:28.996Z - debug:  
2020-09-20T07:02:30.515Z - debug:  
2020-09-20T07:02:34.726Z - debug:  
2020-09-20T07:02:51.455Z - debug:  
2020-09-20T07:03:00.613Z - debug:  
2020-09-20T07:03:00.615Z - debug:  
2020-09-20T07:03:03.992Z - debug:  
2020-09-20T07:03:26.360Z - debug:  
2020-09-20T07:03:39.714Z - debug:  
2020-09-20T07:03:39.714Z - debug:  
2020-09-20T07:03:48.592Z - info: Pages built
2020-09-20T07:04:13.010Z - info: Website generation complete! Total build time: 229.459s
2020-09-20T07:04:13.012Z - info: Build success!
2020-09-20T07:04:13.013Z - debug:  
2020-09-20T07:04:13.018Z - info: Site data built
2020-09-20T07:04:49.413Z - info: Deployed!
2020-09-20T14:23:35.386Z - info: Website generation started at 10:23:30 PM
2020-09-20T14:23:39.411Z - info: Building assets...
