2020-10-23T04:21:26.591Z - info: Website generation started at 12:21:16 PM
2020-10-23T04:21:34.936Z - info: Building assets...
2020-10-23T04:21:40.335Z - info: Assets built
2020-10-23T04:21:40.337Z - info: Generating pages...
2020-10-23T04:21:58.684Z - debug: The process cannot access the file because it is being used by another process.

2020-10-23T04:21:58.693Z - debug: The process cannot access the file because it is being used by another process.

2020-10-23T04:22:02.095Z - debug:  
2020-10-23T04:22:02.095Z - debug:  
2020-10-23T04:22:02.095Z - debug:  
2020-10-23T04:22:02.096Z - debug:  
2020-10-23T04:22:02.096Z - debug:  
2020-10-23T04:22:04.265Z - debug:  
2020-10-23T04:22:05.182Z - debug:  
2020-10-23T04:22:09.676Z - debug:  
2020-10-23T04:22:09.677Z - debug: The process cannot access the file because it is being used by another process.

2020-10-23T04:22:09.677Z - debug: The process cannot access the file because it is being used by another process.

2020-10-23T04:22:09.678Z - debug:  
2020-10-23T04:22:09.678Z - debug:  
2020-10-23T04:22:12.097Z - debug: The process cannot access the file because it is being used by another process.

2020-10-23T04:22:12.098Z - debug: The process cannot access the file because it is being used by another process.

2020-10-23T04:22:12.922Z - debug: The process cannot access the file because it is being used by another process.

2020-10-23T04:22:12.922Z - debug: The process cannot access the file because it is being used by another process.

2020-10-23T04:22:12.923Z - debug:  
2020-10-23T04:22:12.923Z - debug:  
2020-10-23T04:22:18.880Z - debug:  
2020-10-23T04:22:19.070Z - debug:  
2020-10-23T04:22:34.863Z - debug: The process cannot access the file because it is being used by another process.

2020-10-23T04:22:35.655Z - debug: The process cannot access the file because it is being used by another process.

2020-10-23T04:22:36.840Z - debug: The process cannot access the file because it is being used by another process.

2020-10-23T04:22:37.628Z - debug:  
2020-10-23T04:22:38.550Z - debug: The process cannot access the file because it is being used by another process.

2020-10-23T04:22:39.465Z - debug: The process cannot access the file because it is being used by another process.

2020-10-23T04:22:41.217Z - debug:  
2020-10-23T04:22:44.149Z - debug:  
2020-10-23T04:22:45.830Z - debug: The process cannot access the file because it is being used by another process.

2020-10-23T04:22:45.832Z - debug: The process cannot access the file because it is being used by another process.

2020-10-23T04:22:49.268Z - debug: The process cannot access the file because it is being used by another process.

2020-10-23T04:22:49.268Z - debug: The process cannot access the file because it is being used by another process.

2020-10-23T04:22:49.573Z - debug:  
2020-10-23T04:22:51.241Z - debug:  
2020-10-23T04:22:54.251Z - debug:  
2020-10-23T04:22:54.444Z - debug:  
2020-10-23T04:23:00.917Z - debug: The process cannot access the file because it is being used by another process.

2020-10-23T04:23:03.256Z - debug: The process cannot access the file because it is being used by another process.

2020-10-23T04:23:04.292Z - debug:  
2020-10-23T04:23:33.294Z - debug:  
2020-10-23T04:23:33.564Z - debug:  
2020-10-23T04:23:33.691Z - debug:  
2020-10-23T04:23:33.692Z - debug:  
2020-10-23T04:23:39.376Z - debug:  
2020-10-23T04:23:39.695Z - debug:  
2020-10-23T04:23:40.851Z - debug:  
2020-10-23T04:23:44.890Z - debug:  
2020-10-23T04:23:49.847Z - debug:  
2020-10-23T04:23:49.847Z - debug:  
2020-10-23T04:23:49.848Z - debug:  
2020-10-23T04:23:49.848Z - debug:  
2020-10-23T04:23:57.736Z - debug:  
2020-10-23T04:23:57.736Z - debug:  
2020-10-23T04:23:57.736Z - debug:  
2020-10-23T04:24:02.118Z - debug:  
2020-10-23T04:24:23.208Z - debug:  
2020-10-23T04:24:31.439Z - debug:  
2020-10-23T04:24:31.440Z - debug:  
2020-10-23T04:24:33.627Z - debug:  
2020-10-23T04:24:59.061Z - debug:  
2020-10-23T04:25:15.732Z - debug:  
2020-10-23T04:25:15.732Z - debug:  
2020-10-23T04:25:28.887Z - info: Pages built
2020-10-23T04:25:58.155Z - info: Website generation complete! Total build time: 281.966s
2020-10-23T04:25:59.016Z - info: Serving "D:\Teaching\CS2113\AY2021S1\website\_site" at http://127.0.0.1:8080
2020-10-23T04:25:59.017Z - info: Press CTRL+C to stop ...
2020-10-23T04:25:59.017Z - debug:  
2020-10-23T04:25:59.094Z - info: Site data built
2020-10-23T04:26:55.726Z - info: Website generation started at 12:26:50 PM
2020-10-23T04:27:01.547Z - info: Building assets...
2020-10-23T04:27:05.787Z - info: Assets built
2020-10-23T04:27:05.789Z - info: Generating pages...
2020-10-23T04:27:20.265Z - debug: The process cannot access the file because it is being used by another process.

2020-10-23T04:27:20.266Z - debug: The process cannot access the file because it is being used by another process.

2020-10-23T04:27:22.062Z - debug: The process cannot access the file because it is being used by another process.

2020-10-23T04:27:22.062Z - debug: The process cannot access the file because it is being used by another process.

2020-10-23T04:27:22.063Z - debug:  
2020-10-23T04:27:22.063Z - debug:  
2020-10-23T04:27:22.064Z - debug:  
2020-10-23T04:27:22.064Z - debug:  
2020-10-23T04:27:22.064Z - debug:  
2020-10-23T04:27:22.832Z - debug:  
2020-10-23T04:27:27.690Z - debug: The process cannot access the file because it is being used by another process.

2020-10-23T04:27:27.693Z - debug: The process cannot access the file because it is being used by another process.

2020-10-23T04:27:27.694Z - debug:  
2020-10-23T04:27:27.694Z - debug:  
2020-10-23T04:27:29.768Z - debug: The process cannot access the file because it is being used by another process.

2020-10-23T04:27:29.768Z - debug: The process cannot access the file because it is being used by another process.

2020-10-23T04:27:30.337Z - debug: The process cannot access the file because it is being used by another process.

2020-10-23T04:27:30.337Z - debug: The process cannot access the file because it is being used by another process.

2020-10-23T04:27:30.477Z - debug:  
2020-10-23T04:27:30.478Z - debug: The process cannot access the file because it is being used by another process.

2020-10-23T04:27:30.478Z - debug:  
2020-10-23T04:27:33.619Z - debug:  
2020-10-23T04:27:46.110Z - debug: The process cannot access the file because it is being used by another process.

2020-10-23T04:27:46.807Z - debug: The process cannot access the file because it is being used by another process.

2020-10-23T04:27:47.953Z - debug: The process cannot access the file because it is being used by another process.

2020-10-23T04:27:48.598Z - debug:  
2020-10-23T04:27:49.631Z - debug: The process cannot access the file because it is being used by another process.

2020-10-23T04:27:50.594Z - debug: The process cannot access the file because it is being used by another process.

2020-10-23T04:27:51.746Z - debug: The process cannot access the file because it is being used by another process.

2020-10-23T04:27:51.747Z - debug:  
2020-10-23T04:27:54.689Z - debug: The process cannot access the file because it is being used by another process.

2020-10-23T04:27:54.690Z - debug: The process cannot access the file because it is being used by another process.

2020-10-23T04:27:57.206Z - debug: The process cannot access the file because it is being used by another process.

2020-10-23T04:27:57.206Z - debug: The process cannot access the file because it is being used by another process.

2020-10-23T04:27:59.495Z - debug:  
2020-10-23T04:27:59.496Z - debug:  
2020-10-23T04:28:03.033Z - debug:  
2020-10-23T04:28:03.327Z - debug:  
2020-10-23T04:28:08.953Z - debug: The process cannot access the file because it is being used by another process.

2020-10-23T04:28:10.997Z - debug: The process cannot access the file because it is being used by another process.

2020-10-23T04:28:11.882Z - debug:  
2020-10-23T04:29:05.507Z - debug:  
2020-10-23T04:29:05.635Z - debug:  
2020-10-23T04:29:05.635Z - debug:  
2020-10-23T04:29:05.864Z - debug:  
2020-10-23T04:29:13.678Z - debug:  
2020-10-23T04:29:13.873Z - debug:  
2020-10-23T04:29:16.312Z - debug:  
2020-10-23T04:29:17.032Z - debug:  
2020-10-23T04:29:34.659Z - debug:  
2020-10-23T04:29:34.659Z - debug:  
2020-10-23T04:29:34.660Z - debug:  
2020-10-23T04:29:34.660Z - debug:  
2020-10-23T04:29:42.013Z - debug:  
2020-10-23T04:29:43.246Z - debug:  
2020-10-23T04:29:43.247Z - debug:  
2020-10-23T04:29:48.431Z - debug:  
2020-10-23T04:30:10.700Z - debug:  
2020-10-23T04:30:20.815Z - debug:  
2020-10-23T04:30:20.815Z - debug:  
2020-10-23T04:30:20.817Z - debug:  
2020-10-23T04:30:48.084Z - debug:  
2020-10-23T04:31:01.766Z - debug:  
2020-10-23T04:31:01.768Z - debug:  
2020-10-23T04:31:12.765Z - info: Pages built
2020-10-23T04:31:39.625Z - info: Website generation complete! Total build time: 288.728s
2020-10-23T04:31:39.627Z - info: Build success!
2020-10-23T04:31:39.628Z - debug:  
2020-10-23T04:31:39.631Z - info: Site data built
2020-10-23T04:31:49.181Z - info: Website generation started at 12:31:43 PM
2020-10-23T04:31:53.640Z - info: Building assets...
2020-10-23T04:31:56.991Z - info: Assets built
2020-10-23T04:31:56.992Z - info: Generating pages...
2020-10-23T04:32:11.199Z - debug: The process cannot access the file because it is being used by another process.

2020-10-23T04:32:11.200Z - debug: The process cannot access the file because it is being used by another process.

2020-10-23T04:32:13.827Z - debug:  
2020-10-23T04:32:13.832Z - debug:  
2020-10-23T04:32:13.832Z - debug: The process cannot access the file because it is being used by another process.

2020-10-23T04:32:13.833Z - debug:  
2020-10-23T04:32:13.834Z - debug:  
2020-10-23T04:32:13.835Z - debug:  
2020-10-23T04:32:15.155Z - debug:  
2020-10-23T04:32:15.918Z - debug:  
2020-10-23T04:32:19.820Z - debug: The process cannot access the file because it is being used by another process.

2020-10-23T04:32:19.821Z - debug: The process cannot access the file because it is being used by another process.

2020-10-23T04:32:19.821Z - debug:  
2020-10-23T04:32:19.822Z - debug:  
2020-10-23T04:32:21.498Z - debug: The process cannot access the file because it is being used by another process.

2020-10-23T04:32:21.498Z - debug: The process cannot access the file because it is being used by another process.

2020-10-23T04:32:22.223Z - debug: The process cannot access the file because it is being used by another process.

2020-10-23T04:32:22.223Z - debug: The process cannot access the file because it is being used by another process.

2020-10-23T04:32:22.224Z - debug:  
2020-10-23T04:32:22.389Z - debug:  
2020-10-23T04:32:26.634Z - debug:  
2020-10-23T04:32:26.729Z - debug:  
2020-10-23T04:32:38.946Z - debug: The process cannot access the file because it is being used by another process.

2020-10-23T04:32:39.694Z - debug: The process cannot access the file because it is being used by another process.

2020-10-23T04:32:40.881Z - debug: The process cannot access the file because it is being used by another process.

2020-10-23T04:32:41.747Z - debug:  
2020-10-23T04:32:42.959Z - debug: The process cannot access the file because it is being used by another process.

2020-10-23T04:32:43.719Z - debug: The process cannot access the file because it is being used by another process.

2020-10-23T04:32:44.863Z - debug:  
2020-10-23T04:32:47.365Z - debug:  
2020-10-23T04:32:48.507Z - debug: The process cannot access the file because it is being used by another process.

2020-10-23T04:32:48.508Z - debug: The process cannot access the file because it is being used by another process.

2020-10-23T04:32:50.662Z - debug: The process cannot access the file because it is being used by another process.

2020-10-23T04:32:50.663Z - debug: The process cannot access the file because it is being used by another process.

2020-10-23T04:32:51.091Z - debug:  
2020-10-23T04:32:52.799Z - debug:  
2020-10-23T04:32:55.335Z - debug:  
2020-10-23T04:32:55.658Z - debug:  
2020-10-23T04:33:01.046Z - debug: The process cannot access the file because it is being used by another process.

2020-10-23T04:33:03.119Z - debug: The process cannot access the file because it is being used by another process.

2020-10-23T04:33:04.093Z - debug:  
2020-10-23T04:33:25.457Z - debug:  
2020-10-23T04:33:25.596Z - debug:  
2020-10-23T04:33:25.596Z - debug:  
2020-10-23T04:33:25.819Z - debug:  
2020-10-23T04:33:32.490Z - debug:  
2020-10-23T04:33:32.834Z - debug:  
2020-10-23T04:33:32.986Z - debug:  
2020-10-23T04:33:41.225Z - debug:  
2020-10-23T04:33:44.426Z - debug:  
2020-10-23T04:33:44.427Z - debug:  
2020-10-23T04:33:44.427Z - debug:  
2020-10-23T04:33:44.427Z - debug:  
2020-10-23T04:33:56.597Z - debug:  
2020-10-23T04:33:56.598Z - debug:  
2020-10-23T04:33:56.598Z - debug:  
2020-10-23T04:34:03.954Z - debug:  
2020-10-23T04:34:25.885Z - debug:  
2020-10-23T04:34:35.177Z - debug:  
2020-10-23T04:34:35.178Z - debug:  
2020-10-23T04:34:36.055Z - debug:  
2020-10-23T04:35:01.277Z - debug:  
2020-10-23T04:35:19.026Z - debug:  
2020-10-23T04:35:19.026Z - debug:  
2020-10-23T04:35:31.290Z - info: Pages built
2020-10-23T04:35:56.840Z - info: Website generation complete! Total build time: 253.06s
2020-10-23T04:35:57.497Z - info: Serving "D:\Teaching\CS2113\AY2021S1\website\_site" at http://127.0.0.1:8080
2020-10-23T04:35:57.498Z - info: Press CTRL+C to stop ...
2020-10-23T04:35:57.551Z - debug:  
2020-10-23T04:35:57.555Z - info: Site data built
2020-10-23T04:36:24.386Z - info: Website generation started at 12:36:19 PM
2020-10-23T04:36:29.458Z - info: Building assets...
